10:03:32 **** Rebuild of configuration Debug for project TP_4 ****
Info: Internal Builder is used for build
gcc -O0 -g3 -Wall -c -fmessage-length=0 -o "testing\\src\\main_test.o" "..\\testing\\src\\main_test.c" 
gcc -O0 -g3 -Wall -c -fmessage-length=0 -o "testing\\src\\indexOfTest.o" "..\\testing\\src\\indexOfTest.c" 
gcc -O0 -g3 -Wall -c -fmessage-length=0 -o "testing\\src\\setTest.o" "..\\testing\\src\\setTest.c" 
gcc -O0 -g3 -Wall -c -fmessage-length=0 -o "src\\main.o" "..\\src\\main.c" 
gcc -O0 -g3 -Wall -c -fmessage-length=0 -o "testing\\src\\containsTest.o" "..\\testing\\src\\containsTest.c" 
gcc -O0 -g3 -Wall -c -fmessage-length=0 -o "testing\\src\\addNodeTest.o" "..\\testing\\src\\addNodeTest.c" 
In file included from ..\testing\src\addNodeTest.c:19:
..\testing\src\addNodeTest.c: In function 'addNodeTestCase03':
..\testing\src\../../testing/utest.h:61:127: warning: '
   ' directive writing 2 bytes into a region of size between 1 and 256 [-Wformat-overflow=]
   61 | #define utest_assertEqualsPointerMsg(A,B,C){ if(A!=B){ utest_print2("assert equals failed '%p' != '%p'\r\n",A,B);utest_print1("%s\r\n",C); utest_flagTestError=1; utest_lineTestError = __LINE__;  utest_fileTestError = __FILENAME__;return; } }
      |                                                                                                                               ^~~~~~~~
..\testing\src\../../testing/utest.h:27:62: note: in definition of macro 'utest_print1'
   27 | #define utest_print1(MSG,VAR1)   { sprintf(utest_printBuffer,MSG,VAR1); strcat(utest_printErrorBuffer,utest_printBuffer);}
      |                                                              ^~~
..\testing\src\addNodeTest.c:91:9: note: in expansion of macro 'utest_assertEqualsPointerMsg'
   91 |         utest_assertEqualsPointerMsg(nodoAux->pElement,pAux[i],msg);
      |         ^~~~~~~~~~~~~~~~~~~~~~~~~~~~
In file included from ..\testing\src\addNodeTest.c:19:
..\testing\src\../../testing/utest.h:61:130: note: format string is defined here
   61 | #define utest_assertEqualsPointerMsg(A,B,C){ if(A!=B){ utest_print2("assert equals failed '%p' != '%p'\r\n",A,B);utest_print1("%s\r\n",C); utest_flagTestError=1; utest_lineTestError = __LINE__;  utest_fileTestError = __FILENAME__;return; } }
      |                                                                                                                                  ^~~~
In file included from ..\testing\src\addNodeTest.c:19:
..\testing\src\../../testing/utest.h:27:36: note: 'sprintf' output between 3 and 258 bytes into a destination of size 256
   27 | #define utest_print1(MSG,VAR1)   { sprintf(utest_printBuffer,MSG,VAR1); strcat(utest_printErrorBuffer,utest_printBuffer);}
      |                                    ^~~~~~~~~~~~~~~~~~~~~~~~~~~~~~~~~~~
..\testing\src\../../testing/utest.h:61:114: note: in expansion of macro 'utest_print1'
   61 | #define utest_assertEqualsPointerMsg(A,B,C){ if(A!=B){ utest_print2("assert equals failed '%p' != '%p'\r\n",A,B);utest_print1("%s\r\n",C); utest_flagTestError=1; utest_lineTestError = __LINE__;  utest_fileTestError = __FILENAME__;return; } }
      |                                                                                                                  ^~~~~~~~~~~~
..\testing\src\addNodeTest.c:91:9: note: in expansion of macro 'utest_assertEqualsPointerMsg'
   91 |         utest_assertEqualsPointerMsg(nodoAux->pElement,pAux[i],msg);
      |         ^~~~~~~~~~~~~~~~~~~~~~~~~~~~
..\testing\src\addNodeTest.c: In function 'addNodeTestCase05':
..\testing\src\../../testing/utest.h:61:127: warning: '
   ' directive writing 2 bytes into a region of size between 1 and 256 [-Wformat-overflow=]
   61 | #define utest_assertEqualsPointerMsg(A,B,C){ if(A!=B){ utest_print2("assert equals failed '%p' != '%p'\r\n",A,B);utest_print1("%s\r\n",C); utest_flagTestError=1; utest_lineTestError = __LINE__;  utest_fileTestError = __FILENAME__;return; } }
      |                                                                                                                               ^~~~~~~~
..\testing\src\../../testing/utest.h:27:62: note: in definition of macro 'utest_print1'
   27 | #define utest_print1(MSG,VAR1)   { sprintf(utest_printBuffer,MSG,VAR1); strcat(utest_printErrorBuffer,utest_printBuffer);}
      |                                                              ^~~
..\testing\src\addNodeTest.c:132:9: note: in expansion of macro 'utest_assertEqualsPointerMsg'
  132 |         utest_assertEqualsPointerMsg(nodoAux->pElement,pAux[i],msg);
      |         ^~~~~~~~~~~~~~~~~~~~~~~~~~~~
In file included from ..\testing\src\addNodeTest.c:19:
..\testing\src\../../testing/utest.h:61:130: note: format string is defined here
   61 | #define utest_assertEqualsPointerMsg(A,B,C){ if(A!=B){ utest_print2("assert equals failed '%p' != '%p'\r\n",A,B);utest_print1("%s\r\n",C); utest_flagTestError=1; utest_lineTestError = __LINE__;  utest_fileTestError = __FILENAME__;return; } }
      |                                                                                                                                  ^~~~
In file included from ..\testing\src\addNodeTest.c:19:
..\testing\src\../../testing/utest.h:27:36: note: 'sprintf' output between 3 and 258 bytes into a destination of size 256
   27 | #define utest_print1(MSG,VAR1)   { sprintf(utest_printBuffer,MSG,VAR1); strcat(utest_printErrorBuffer,utest_printBuffer);}
      |                                    ^~~~~~~~~~~~~~~~~~~~~~~~~~~~~~~~~~~
..\testing\src\../../testing/utest.h:61:114: note: in expansion of macro 'utest_print1'
   61 | #define utest_assertEqualsPointerMsg(A,B,C){ if(A!=B){ utest_print2("assert equals failed '%p' != '%p'\r\n",A,B);utest_print1("%s\r\n",C); utest_flagTestError=1; utest_lineTestError = __LINE__;  utest_fileTestError = __FILENAME__;return; } }
      |                                                                                                                  ^~~~~~~~~~~~
..\testing\src\addNodeTest.c:132:9: note: in expansion of macro 'utest_assertEqualsPointerMsg'
  132 |         utest_assertEqualsPointerMsg(nodoAux->pElement,pAux[i],msg);
      |         ^~~~~~~~~~~~~~~~~~~~~~~~~~~~
gcc -O0 -g3 -Wall -c -fmessage-length=0 -o "testing\\src\\addTest.o" "..\\testing\\src\\addTest.c" 
In file included from ..\testing\src\addTest.c:37:
..\testing\src\addTest.c: In function 'addTestCase03':
..\testing\src\../../testing/utest.h:61:127: warning: '
   ' directive writing 2 bytes into a region of size between 1 and 256 [-Wformat-overflow=]
   61 | #define utest_assertEqualsPointerMsg(A,B,C){ if(A!=B){ utest_print2("assert equals failed '%p' != '%p'\r\n",A,B);utest_print1("%s\r\n",C); utest_flagTestError=1; utest_lineTestError = __LINE__;  utest_fileTestError = __FILENAME__;return; } }
      |                                                                                                                               ^~~~~~~~
..\testing\src\../../testing/utest.h:27:62: note: in definition of macro 'utest_print1'
   27 | #define utest_print1(MSG,VAR1)   { sprintf(utest_printBuffer,MSG,VAR1); strcat(utest_printErrorBuffer,utest_printBuffer);}
      |                                                              ^~~
..\testing\src\addTest.c:108:9: note: in expansion of macro 'utest_assertEqualsPointerMsg'
  108 |         utest_assertEqualsPointerMsg(nodoAux->pElement,pAux[i],msg);
      |         ^~~~~~~~~~~~~~~~~~~~~~~~~~~~
In file included from ..\testing\src\addTest.c:37:
..\testing\src\../../testing/utest.h:61:130: note: format string is defined here
   61 | #define utest_assertEqualsPointerMsg(A,B,C){ if(A!=B){ utest_print2("assert equals failed '%p' != '%p'\r\n",A,B);utest_print1("%s\r\n",C); utest_flagTestError=1; utest_lineTestError = __LINE__;  utest_fileTestError = __FILENAME__;return; } }
      |                                                                                                                                  ^~~~
In file included from ..\testing\src\addTest.c:37:
..\testing\src\../../testing/utest.h:27:36: note: 'sprintf' output between 3 and 258 bytes into a destination of size 256
   27 | #define utest_print1(MSG,VAR1)   { sprintf(utest_printBuffer,MSG,VAR1); strcat(utest_printErrorBuffer,utest_printBuffer);}
      |                                    ^~~~~~~~~~~~~~~~~~~~~~~~~~~~~~~~~~~
..\testing\src\../../testing/utest.h:61:114: note: in expansion of macro 'utest_print1'
   61 | #define utest_assertEqualsPointerMsg(A,B,C){ if(A!=B){ utest_print2("assert equals failed '%p' != '%p'\r\n",A,B);utest_print1("%s\r\n",C); utest_flagTestError=1; utest_lineTestError = __LINE__;  utest_fileTestError = __FILENAME__;return; } }
      |                                                                                                                  ^~~~~~~~~~~~
..\testing\src\addTest.c:108:9: note: in expansion of macro 'utest_assertEqualsPointerMsg'
  108 |         utest_assertEqualsPointerMsg(nodoAux->pElement,pAux[i],msg);
      |         ^~~~~~~~~~~~~~~~~~~~~~~~~~~~
gcc -O0 -g3 -Wall -c -fmessage-length=0 -o "testing\\src\\cloneTest.o" "..\\testing\\src\\cloneTest.c" 
gcc -O0 -g3 -Wall -c -fmessage-length=0 -o "testing\\src\\deleteLinkedListTest.o" "..\\testing\\src\\deleteLinkedListTest.c" 
gcc -O0 -g3 -Wall -c -fmessage-length=0 -o "testing\\utest.o" "..\\testing\\utest.c" 
gcc -O0 -g3 -Wall -c -fmessage-length=0 -o "testing\\src\\newTest.o" "..\\testing\\src\\newTest.c" 
gcc -O0 -g3 -Wall -c -fmessage-length=0 -o "src\\LinkedList.o" "..\\src\\LinkedList.c" 
gcc -O0 -g3 -Wall -c -fmessage-length=0 -o "testing\\src\\pushTest.o" "..\\testing\\src\\pushTest.c" 
In file included from ..\testing\src\pushTest.c:19:
..\testing\src\pushTest.c: In function 'pushTestCase03':
..\testing\src\../../testing/utest.h:61:127: warning: '
   ' directive writing 2 bytes into a region of size between 1 and 256 [-Wformat-overflow=]
   61 | #define utest_assertEqualsPointerMsg(A,B,C){ if(A!=B){ utest_print2("assert equals failed '%p' != '%p'\r\n",A,B);utest_print1("%s\r\n",C); utest_flagTestError=1; utest_lineTestError = __LINE__;  utest_fileTestError = __FILENAME__;return; } }
      |                                                                                                                               ^~~~~~~~
..\testing\src\../../testing/utest.h:27:62: note: in definition of macro 'utest_print1'
   27 | #define utest_print1(MSG,VAR1)   { sprintf(utest_printBuffer,MSG,VAR1); strcat(utest_printErrorBuffer,utest_printBuffer);}
      |                                                              ^~~
..\testing\src\pushTest.c:91:9: note: in expansion of macro 'utest_assertEqualsPointerMsg'
   91 |         utest_assertEqualsPointerMsg(pElement,pAux[i],msg);
      |         ^~~~~~~~~~~~~~~~~~~~~~~~~~~~
In file included from ..\testing\src\pushTest.c:19:
..\testing\src\../../testing/utest.h:61:130: note: format string is defined here
   61 | #define utest_assertEqualsPointerMsg(A,B,C){ if(A!=B){ utest_print2("assert equals failed '%p' != '%p'\r\n",A,B);utest_print1("%s\r\n",C); utest_flagTestError=1; utest_lineTestError = __LINE__;  utest_fileTestError = __FILENAME__;return; } }
      |                                                                                                                                  ^~~~
In file included from ..\testing\src\pushTest.c:19:
..\testing\src\../../testing/utest.h:27:36: note: 'sprintf' output between 3 and 258 bytes into a destination of size 256
   27 | #define utest_print1(MSG,VAR1)   { sprintf(utest_printBuffer,MSG,VAR1); strcat(utest_printErrorBuffer,utest_printBuffer);}
      |                                    ^~~~~~~~~~~~~~~~~~~~~~~~~~~~~~~~~~~
..\testing\src\../../testing/utest.h:61:114: note: in expansion of macro 'utest_print1'
   61 | #define utest_assertEqualsPointerMsg(A,B,C){ if(A!=B){ utest_print2("assert equals failed '%p' != '%p'\r\n",A,B);utest_print1("%s\r\n",C); utest_flagTestError=1; utest_lineTestError = __LINE__;  utest_fileTestError = __FILENAME__;return; } }
      |                                                                                                                  ^~~~~~~~~~~~
..\testing\src\pushTest.c:91:9: note: in expansion of macro 'utest_assertEqualsPointerMsg'
   91 |         utest_assertEqualsPointerMsg(pElement,pAux[i],msg);
      |         ^~~~~~~~~~~~~~~~~~~~~~~~~~~~
gcc -O0 -g3 -Wall -c -fmessage-length=0 -o "testing\\src\\clearTest.o" "..\\testing\\src\\clearTest.c" 
gcc -O0 -g3 -Wall -c -fmessage-length=0 -o "testing\\src\\popTest.o" "..\\testing\\src\\popTest.c" 
gcc -O0 -g3 -Wall -c -fmessage-length=0 -o "testing\\src\\subListTest.o" "..\\testing\\src\\subListTest.c" 
gcc -O0 -g3 -Wall -c -fmessage-length=0 -o "testing\\src\\containsAllTest.o" "..\\testing\\src\\containsAllTest.c" 
gcc -O0 -g3 -Wall -c -fmessage-length=0 -o "testing\\src\\getNodeTest.o" "..\\testing\\src\\getNodeTest.c" 
gcc -O0 -g3 -Wall -c -fmessage-length=0 -o "testing\\src\\lenTest.o" "..\\testing\\src\\lenTest.c" 
gcc -O0 -g3 -Wall -c -fmessage-length=0 -o "testing\\src\\Employee.o" "..\\testing\\src\\Employee.c" 
gcc -O0 -g3 -Wall -c -fmessage-length=0 -o "testing\\src\\getTest.o" "..\\testing\\src\\getTest.c" 
gcc -O0 -g3 -Wall -c -fmessage-length=0 -o "testing\\src\\sortTest.o" "..\\testing\\src\\sortTest.c" 
gcc -O0 -g3 -Wall -c -fmessage-length=0 -o "testing\\src\\isEmptyTest.o" "..\\testing\\src\\isEmptyTest.c" 
gcc -O0 -g3 -Wall -c -fmessage-length=0 -o "testing\\src\\removeTest.o" "..\\testing\\src\\removeTest.c" 
gcc -o TP_4 "src\\LinkedList.o" "src\\main.o" "testing\\src\\Employee.o" "testing\\src\\addNodeTest.o" "testing\\src\\addTest.o" "testing\\src\\clearTest.o" "testing\\src\\cloneTest.o" "testing\\src\\containsAllTest.o" "testing\\src\\containsTest.o" "testing\\src\\deleteLinkedListTest.o" "testing\\src\\getNodeTest.o" "testing\\src\\getTest.o" "testing\\src\\indexOfTest.o" "testing\\src\\isEmptyTest.o" "testing\\src\\lenTest.o" "testing\\src\\main_test.o" "testing\\src\\newTest.o" "testing\\src\\popTest.o" "testing\\src\\pushTest.o" "testing\\src\\removeTest.o" "testing\\src\\setTest.o" "testing\\src\\sortTest.o" "testing\\src\\subListTest.o" "testing\\utest.o" 
Info: Nothing to build for TP_4
10:04:12 **** Incremental Build of configuration Debug for project TP_4 ****
Info: Internal Builder is used for build
gcc -O0 -g3 -Wall -c -fmessage-length=0 -o "src\\LinkedList.o" "..\\src\\LinkedList.c" 
gcc -o TP_4 "src\\LinkedList.o" "src\\main.o" "testing\\src\\Employee.o" "testing\\src\\addNodeTest.o" "testing\\src\\addTest.o" "testing\\src\\clearTest.o" "testing\\src\\cloneTest.o" "testing\\src\\containsAllTest.o" "testing\\src\\containsTest.o" "testing\\src\\deleteLinkedListTest.o" "testing\\src\\getNodeTest.o" "testing\\src\\getTest.o" "testing\\src\\indexOfTest.o" "testing\\src\\isEmptyTest.o" "testing\\src\\lenTest.o" "testing\\src\\main_test.o" "testing\\src\\newTest.o" "testing\\src\\popTest.o" "testing\\src\\pushTest.o" "testing\\src\\removeTest.o" "testing\\src\\setTest.o" "testing\\src\\sortTest.o" "testing\\src\\subListTest.o" "testing\\utest.o" 
10:12:43 **** Incremental Build of configuration Debug for project TP_4 ****
Info: Internal Builder is used for build
gcc -O0 -g3 -Wall -c -fmessage-length=0 -o "src\\main.o" "..\\src\\main.c" 
gcc -O0 -g3 -Wall -c -fmessage-length=0 -o "src\\LinkedList.o" "..\\src\\LinkedList.c" 
..\src\LinkedList.c: In function 'll_newLinkedList':
..\src\LinkedList.c:20:25: error: too few arguments to function 'calloc'
   20 |     this = (LinkedList*)calloc(sizeof(LinkedList));
      |                         ^~~~~~
In file included from ..\src\LinkedList.c:2:
c:\mingw\include\stdlib.h:562:40: note: declared here
  562 | _CRTIMP __cdecl __MINGW_NOTHROW  void *calloc (size_t, size_t) __MINGW_ATTRIB_MALLOC;
      |                                        ^~~~~~
10:12:47 **** Incremental Build of configuration Debug for project TP_4 ****
Info: Internal Builder is used for build
gcc -O0 -g3 -Wall -c -fmessage-length=0 -o "src\\LinkedList.o" "..\\src\\LinkedList.c" 
..\src\LinkedList.c: In function 'll_newLinkedList':
..\src\LinkedList.c:20:25: error: too few arguments to function 'calloc'
   20 |     this = (LinkedList*)calloc(sizeof(LinkedList));
      |                         ^~~~~~
In file included from ..\src\LinkedList.c:2:
c:\mingw\include\stdlib.h:562:40: note: declared here
  562 | _CRTIMP __cdecl __MINGW_NOTHROW  void *calloc (size_t, size_t) __MINGW_ATTRIB_MALLOC;
      |                                        ^~~~~~
10:13:22 **** Incremental Build of configuration Debug for project TP_4 ****
Info: Internal Builder is used for build
gcc -O0 -g3 -Wall -c -fmessage-length=0 -o "src\\LinkedList.o" "..\\src\\LinkedList.c" 
gcc -o TP_4 "src\\LinkedList.o" "src\\main.o" "testing\\src\\Employee.o" "testing\\src\\addNodeTest.o" "testing\\src\\addTest.o" "testing\\src\\clearTest.o" "testing\\src\\cloneTest.o" "testing\\src\\containsAllTest.o" "testing\\src\\containsTest.o" "testing\\src\\deleteLinkedListTest.o" "testing\\src\\getNodeTest.o" "testing\\src\\getTest.o" "testing\\src\\indexOfTest.o" "testing\\src\\isEmptyTest.o" "testing\\src\\lenTest.o" "testing\\src\\main_test.o" "testing\\src\\newTest.o" "testing\\src\\popTest.o" "testing\\src\\pushTest.o" "testing\\src\\removeTest.o" "testing\\src\\setTest.o" "testing\\src\\sortTest.o" "testing\\src\\subListTest.o" "testing\\utest.o" 
Info: Nothing to build for TP_4
Info: Nothing to build for TP_4
11:17:53 **** Incremental Build of configuration Debug for project TP_4 ****
Info: Internal Builder is used for build
gcc -O0 -g3 -Wall -c -fmessage-length=0 -o "src\\LinkedList.o" "..\\src\\LinkedList.c" 
gcc -o TP_4 "src\\LinkedList.o" "src\\main.o" "testing\\src\\Employee.o" "testing\\src\\addNodeTest.o" "testing\\src\\addTest.o" "testing\\src\\clearTest.o" "testing\\src\\cloneTest.o" "testing\\src\\containsAllTest.o" "testing\\src\\containsTest.o" "testing\\src\\deleteLinkedListTest.o" "testing\\src\\getNodeTest.o" "testing\\src\\getTest.o" "testing\\src\\indexOfTest.o" "testing\\src\\isEmptyTest.o" "testing\\src\\lenTest.o" "testing\\src\\main_test.o" "testing\\src\\newTest.o" "testing\\src\\popTest.o" "testing\\src\\pushTest.o" "testing\\src\\removeTest.o" "testing\\src\\setTest.o" "testing\\src\\sortTest.o" "testing\\src\\subListTest.o" "testing\\utest.o" 
11:19:44 **** Incremental Build of configuration Debug for project TP_4 ****
Info: Internal Builder is used for build
gcc -O0 -g3 -Wall -c -fmessage-length=0 -o "src\\LinkedList.o" "..\\src\\LinkedList.c" 
gcc -o TP_4 "src\\LinkedList.o" "src\\main.o" "testing\\src\\Employee.o" "testing\\src\\addNodeTest.o" "testing\\src\\addTest.o" "testing\\src\\clearTest.o" "testing\\src\\cloneTest.o" "testing\\src\\containsAllTest.o" "testing\\src\\containsTest.o" "testing\\src\\deleteLinkedListTest.o" "testing\\src\\getNodeTest.o" "testing\\src\\getTest.o" "testing\\src\\indexOfTest.o" "testing\\src\\isEmptyTest.o" "testing\\src\\lenTest.o" "testing\\src\\main_test.o" "testing\\src\\newTest.o" "testing\\src\\popTest.o" "testing\\src\\pushTest.o" "testing\\src\\removeTest.o" "testing\\src\\setTest.o" "testing\\src\\sortTest.o" "testing\\src\\subListTest.o" "testing\\utest.o" 
Info: Nothing to build for TP_4
11:20:51 **** Incremental Build of configuration Debug for project TP_4 ****
Info: Internal Builder is used for build
gcc -O0 -g3 -Wall -c -fmessage-length=0 -o "src\\main.o" "..\\src\\main.c" 
gcc -o TP_4 "src\\LinkedList.o" "src\\main.o" "testing\\src\\Employee.o" "testing\\src\\addNodeTest.o" "testing\\src\\addTest.o" "testing\\src\\clearTest.o" "testing\\src\\cloneTest.o" "testing\\src\\containsAllTest.o" "testing\\src\\containsTest.o" "testing\\src\\deleteLinkedListTest.o" "testing\\src\\getNodeTest.o" "testing\\src\\getTest.o" "testing\\src\\indexOfTest.o" "testing\\src\\isEmptyTest.o" "testing\\src\\lenTest.o" "testing\\src\\main_test.o" "testing\\src\\newTest.o" "testing\\src\\popTest.o" "testing\\src\\pushTest.o" "testing\\src\\removeTest.o" "testing\\src\\setTest.o" "testing\\src\\sortTest.o" "testing\\src\\subListTest.o" "testing\\utest.o" 
09:07:55 **** Incremental Build of configuration Debug for project TP_4 ****
Info: Internal Builder is used for build
gcc -O0 -g3 -Wall -c -fmessage-length=0 -o "src\\LinkedList.o" "..\\src\\LinkedList.c" 
..\src\LinkedList.c: In function 'addNode':
..\src\LinkedList.c:99:24: warning: 'auxNode' may be used uninitialized in this function [-Wmaybe-uninitialized]
   99 |       this->pFirstNode = auxNode;
      |       ~~~~~~~~~~~~~~~~~^~~~~~~~~
gcc -O0 -g3 -Wall -c -fmessage-length=0 -o "src\\main.o" "..\\src\\main.c" 
gcc -o TP_4 "src\\LinkedList.o" "src\\main.o" "testing\\src\\Employee.o" "testing\\src\\addNodeTest.o" "testing\\src\\addTest.o" "testing\\src\\clearTest.o" "testing\\src\\cloneTest.o" "testing\\src\\containsAllTest.o" "testing\\src\\containsTest.o" "testing\\src\\deleteLinkedListTest.o" "testing\\src\\getNodeTest.o" "testing\\src\\getTest.o" "testing\\src\\indexOfTest.o" "testing\\src\\isEmptyTest.o" "testing\\src\\lenTest.o" "testing\\src\\main_test.o" "testing\\src\\newTest.o" "testing\\src\\popTest.o" "testing\\src\\pushTest.o" "testing\\src\\removeTest.o" "testing\\src\\setTest.o" "testing\\src\\sortTest.o" "testing\\src\\subListTest.o" "testing\\utest.o" 
10:19:14 **** Incremental Build of configuration Debug for project TP_4 ****
Info: Internal Builder is used for build
gcc -O0 -g3 -Wall -c -fmessage-length=0 -o "src\\main.o" "..\\src\\main.c" 
gcc -O0 -g3 -Wall -c -fmessage-length=0 -o "src\\LinkedList.o" "..\\src\\LinkedList.c" 
gcc -o TP_4 "src\\LinkedList.o" "src\\main.o" "testing\\src\\Employee.o" "testing\\src\\addNodeTest.o" "testing\\src\\addTest.o" "testing\\src\\clearTest.o" "testing\\src\\cloneTest.o" "testing\\src\\containsAllTest.o" "testing\\src\\containsTest.o" "testing\\src\\deleteLinkedListTest.o" "testing\\src\\getNodeTest.o" "testing\\src\\getTest.o" "testing\\src\\indexOfTest.o" "testing\\src\\isEmptyTest.o" "testing\\src\\lenTest.o" "testing\\src\\main_test.o" "testing\\src\\newTest.o" "testing\\src\\popTest.o" "testing\\src\\pushTest.o" "testing\\src\\removeTest.o" "testing\\src\\setTest.o" "testing\\src\\sortTest.o" "testing\\src\\subListTest.o" "testing\\utest.o" 
Info: Nothing to build for TP_4
10:20:01 **** Incremental Build of configuration Debug for project TP_4 ****
Info: Internal Builder is used for build
gcc -O0 -g3 -Wall -c -fmessage-length=0 -o "src\\LinkedList.o" "..\\src\\LinkedList.c" 
gcc -o TP_4 "src\\LinkedList.o" "src\\main.o" "testing\\src\\Employee.o" "testing\\src\\addNodeTest.o" "testing\\src\\addTest.o" "testing\\src\\clearTest.o" "testing\\src\\cloneTest.o" "testing\\src\\containsAllTest.o" "testing\\src\\containsTest.o" "testing\\src\\deleteLinkedListTest.o" "testing\\src\\getNodeTest.o" "testing\\src\\getTest.o" "testing\\src\\indexOfTest.o" "testing\\src\\isEmptyTest.o" "testing\\src\\lenTest.o" "testing\\src\\main_test.o" "testing\\src\\newTest.o" "testing\\src\\popTest.o" "testing\\src\\pushTest.o" "testing\\src\\removeTest.o" "testing\\src\\setTest.o" "testing\\src\\sortTest.o" "testing\\src\\subListTest.o" "testing\\utest.o" 
Info: Nothing to build for TP_4
10:45:50 **** Incremental Build of configuration Debug for project TP_4 ****
Info: Internal Builder is used for build
gcc -O0 -g3 -Wall -c -fmessage-length=0 -o "src\\LinkedList.o" "..\\src\\LinkedList.c" 
gcc -O0 -g3 -Wall -c -fmessage-length=0 -o "src\\main.o" "..\\src\\main.c" 
gcc -o TP_4 "src\\LinkedList.o" "src\\main.o" "testing\\src\\Employee.o" "testing\\src\\addNodeTest.o" "testing\\src\\addTest.o" "testing\\src\\clearTest.o" "testing\\src\\cloneTest.o" "testing\\src\\containsAllTest.o" "testing\\src\\containsTest.o" "testing\\src\\deleteLinkedListTest.o" "testing\\src\\getNodeTest.o" "testing\\src\\getTest.o" "testing\\src\\indexOfTest.o" "testing\\src\\isEmptyTest.o" "testing\\src\\lenTest.o" "testing\\src\\main_test.o" "testing\\src\\newTest.o" "testing\\src\\popTest.o" "testing\\src\\pushTest.o" "testing\\src\\removeTest.o" "testing\\src\\setTest.o" "testing\\src\\sortTest.o" "testing\\src\\subListTest.o" "testing\\utest.o" 
10:46:01 **** Incremental Build of configuration Debug for project TP_4 ****
Info: Internal Builder is used for build
gcc -O0 -g3 -Wall -c -fmessage-length=0 -o "src\\main.o" "..\\src\\main.c" 
gcc -o TP_4 "src\\LinkedList.o" "src\\main.o" "testing\\src\\Employee.o" "testing\\src\\addNodeTest.o" "testing\\src\\addTest.o" "testing\\src\\clearTest.o" "testing\\src\\cloneTest.o" "testing\\src\\containsAllTest.o" "testing\\src\\containsTest.o" "testing\\src\\deleteLinkedListTest.o" "testing\\src\\getNodeTest.o" "testing\\src\\getTest.o" "testing\\src\\indexOfTest.o" "testing\\src\\isEmptyTest.o" "testing\\src\\lenTest.o" "testing\\src\\main_test.o" "testing\\src\\newTest.o" "testing\\src\\popTest.o" "testing\\src\\pushTest.o" "testing\\src\\removeTest.o" "testing\\src\\setTest.o" "testing\\src\\sortTest.o" "testing\\src\\subListTest.o" "testing\\utest.o" 
10:46:12 **** Incremental Build of configuration Debug for project TP_4 ****
Info: Internal Builder is used for build
gcc -O0 -g3 -Wall -c -fmessage-length=0 -o "src\\main.o" "..\\src\\main.c" 
gcc -o TP_4 "src\\LinkedList.o" "src\\main.o" "testing\\src\\Employee.o" "testing\\src\\addNodeTest.o" "testing\\src\\addTest.o" "testing\\src\\clearTest.o" "testing\\src\\cloneTest.o" "testing\\src\\containsAllTest.o" "testing\\src\\containsTest.o" "testing\\src\\deleteLinkedListTest.o" "testing\\src\\getNodeTest.o" "testing\\src\\getTest.o" "testing\\src\\indexOfTest.o" "testing\\src\\isEmptyTest.o" "testing\\src\\lenTest.o" "testing\\src\\main_test.o" "testing\\src\\newTest.o" "testing\\src\\popTest.o" "testing\\src\\pushTest.o" "testing\\src\\removeTest.o" "testing\\src\\setTest.o" "testing\\src\\sortTest.o" "testing\\src\\subListTest.o" "testing\\utest.o" 
10:46:41 **** Incremental Build of configuration Debug for project TP_4 ****
Info: Internal Builder is used for build
gcc -O0 -g3 -Wall -c -fmessage-length=0 -o "src\\LinkedList.o" "..\\src\\LinkedList.c" 
gcc -o TP_4 "src\\LinkedList.o" "src\\main.o" "testing\\src\\Employee.o" "testing\\src\\addNodeTest.o" "testing\\src\\addTest.o" "testing\\src\\clearTest.o" "testing\\src\\cloneTest.o" "testing\\src\\containsAllTest.o" "testing\\src\\containsTest.o" "testing\\src\\deleteLinkedListTest.o" "testing\\src\\getNodeTest.o" "testing\\src\\getTest.o" "testing\\src\\indexOfTest.o" "testing\\src\\isEmptyTest.o" "testing\\src\\lenTest.o" "testing\\src\\main_test.o" "testing\\src\\newTest.o" "testing\\src\\popTest.o" "testing\\src\\pushTest.o" "testing\\src\\removeTest.o" "testing\\src\\setTest.o" "testing\\src\\sortTest.o" "testing\\src\\subListTest.o" "testing\\utest.o" 
Info: Nothing to build for TP_4
10:51:06 **** Incremental Build of configuration Debug for project TP_4 ****
Info: Internal Builder is used for build
gcc -O0 -g3 -Wall -c -fmessage-length=0 -o "src\\main.o" "..\\src\\main.c" 
gcc -O0 -g3 -Wall -c -fmessage-length=0 -o "src\\LinkedList.o" "..\\src\\LinkedList.c" 
gcc -o TP_4 "src\\LinkedList.o" "src\\main.o" "testing\\src\\Employee.o" "testing\\src\\addNodeTest.o" "testing\\src\\addTest.o" "testing\\src\\clearTest.o" "testing\\src\\cloneTest.o" "testing\\src\\containsAllTest.o" "testing\\src\\containsTest.o" "testing\\src\\deleteLinkedListTest.o" "testing\\src\\getNodeTest.o" "testing\\src\\getTest.o" "testing\\src\\indexOfTest.o" "testing\\src\\isEmptyTest.o" "testing\\src\\lenTest.o" "testing\\src\\main_test.o" "testing\\src\\newTest.o" "testing\\src\\popTest.o" "testing\\src\\pushTest.o" "testing\\src\\removeTest.o" "testing\\src\\setTest.o" "testing\\src\\sortTest.o" "testing\\src\\subListTest.o" "testing\\utest.o" 
10:51:14 **** Incremental Build of configuration Debug for project TP_4 ****
Info: Internal Builder is used for build
gcc -O0 -g3 -Wall -c -fmessage-length=0 -o "src\\main.o" "..\\src\\main.c" 
gcc -o TP_4 "src\\LinkedList.o" "src\\main.o" "testing\\src\\Employee.o" "testing\\src\\addNodeTest.o" "testing\\src\\addTest.o" "testing\\src\\clearTest.o" "testing\\src\\cloneTest.o" "testing\\src\\containsAllTest.o" "testing\\src\\containsTest.o" "testing\\src\\deleteLinkedListTest.o" "testing\\src\\getNodeTest.o" "testing\\src\\getTest.o" "testing\\src\\indexOfTest.o" "testing\\src\\isEmptyTest.o" "testing\\src\\lenTest.o" "testing\\src\\main_test.o" "testing\\src\\newTest.o" "testing\\src\\popTest.o" "testing\\src\\pushTest.o" "testing\\src\\removeTest.o" "testing\\src\\setTest.o" "testing\\src\\sortTest.o" "testing\\src\\subListTest.o" "testing\\utest.o" 
10:58:58 **** Incremental Build of configuration Debug for project TP_4 ****
Info: Internal Builder is used for build
gcc -O0 -g3 -Wall -c -fmessage-length=0 -o "src\\main.o" "..\\src\\main.c" 
gcc -O0 -g3 -Wall -c -fmessage-length=0 -o "src\\LinkedList.o" "..\\src\\LinkedList.c" 
gcc -o TP_4 "src\\LinkedList.o" "src\\main.o" "testing\\src\\Employee.o" "testing\\src\\addNodeTest.o" "testing\\src\\addTest.o" "testing\\src\\clearTest.o" "testing\\src\\cloneTest.o" "testing\\src\\containsAllTest.o" "testing\\src\\containsTest.o" "testing\\src\\deleteLinkedListTest.o" "testing\\src\\getNodeTest.o" "testing\\src\\getTest.o" "testing\\src\\indexOfTest.o" "testing\\src\\isEmptyTest.o" "testing\\src\\lenTest.o" "testing\\src\\main_test.o" "testing\\src\\newTest.o" "testing\\src\\popTest.o" "testing\\src\\pushTest.o" "testing\\src\\removeTest.o" "testing\\src\\setTest.o" "testing\\src\\sortTest.o" "testing\\src\\subListTest.o" "testing\\utest.o" 
10:59:11 **** Incremental Build of configuration Debug for project TP_4 ****
Info: Internal Builder is used for build
gcc -O0 -g3 -Wall -c -fmessage-length=0 -o "src\\LinkedList.o" "..\\src\\LinkedList.c" 
gcc -o TP_4 "src\\LinkedList.o" "src\\main.o" "testing\\src\\Employee.o" "testing\\src\\addNodeTest.o" "testing\\src\\addTest.o" "testing\\src\\clearTest.o" "testing\\src\\cloneTest.o" "testing\\src\\containsAllTest.o" "testing\\src\\containsTest.o" "testing\\src\\deleteLinkedListTest.o" "testing\\src\\getNodeTest.o" "testing\\src\\getTest.o" "testing\\src\\indexOfTest.o" "testing\\src\\isEmptyTest.o" "testing\\src\\lenTest.o" "testing\\src\\main_test.o" "testing\\src\\newTest.o" "testing\\src\\popTest.o" "testing\\src\\pushTest.o" "testing\\src\\removeTest.o" "testing\\src\\setTest.o" "testing\\src\\sortTest.o" "testing\\src\\subListTest.o" "testing\\utest.o" 
10:59:16 **** Incremental Build of configuration Debug for project TP_4 ****
Info: Internal Builder is used for build
gcc -O0 -g3 -Wall -c -fmessage-length=0 -o "src\\main.o" "..\\src\\main.c" 
gcc -o TP_4 "src\\LinkedList.o" "src\\main.o" "testing\\src\\Employee.o" "testing\\src\\addNodeTest.o" "testing\\src\\addTest.o" "testing\\src\\clearTest.o" "testing\\src\\cloneTest.o" "testing\\src\\containsAllTest.o" "testing\\src\\containsTest.o" "testing\\src\\deleteLinkedListTest.o" "testing\\src\\getNodeTest.o" "testing\\src\\getTest.o" "testing\\src\\indexOfTest.o" "testing\\src\\isEmptyTest.o" "testing\\src\\lenTest.o" "testing\\src\\main_test.o" "testing\\src\\newTest.o" "testing\\src\\popTest.o" "testing\\src\\pushTest.o" "testing\\src\\removeTest.o" "testing\\src\\setTest.o" "testing\\src\\sortTest.o" "testing\\src\\subListTest.o" "testing\\utest.o" 
11:00:41 **** Incremental Build of configuration Debug for project TP_4 ****
Info: Internal Builder is used for build
gcc -O0 -g3 -Wall -c -fmessage-length=0 -o "src\\LinkedList.o" "..\\src\\LinkedList.c" 
gcc -o TP_4 "src\\LinkedList.o" "src\\main.o" "testing\\src\\Employee.o" "testing\\src\\addNodeTest.o" "testing\\src\\addTest.o" "testing\\src\\clearTest.o" "testing\\src\\cloneTest.o" "testing\\src\\containsAllTest.o" "testing\\src\\containsTest.o" "testing\\src\\deleteLinkedListTest.o" "testing\\src\\getNodeTest.o" "testing\\src\\getTest.o" "testing\\src\\indexOfTest.o" "testing\\src\\isEmptyTest.o" "testing\\src\\lenTest.o" "testing\\src\\main_test.o" "testing\\src\\newTest.o" "testing\\src\\popTest.o" "testing\\src\\pushTest.o" "testing\\src\\removeTest.o" "testing\\src\\setTest.o" "testing\\src\\sortTest.o" "testing\\src\\subListTest.o" "testing\\utest.o" 
11:01:50 **** Incremental Build of configuration Debug for project TP_4 ****
Info: Internal Builder is used for build
gcc -O0 -g3 -Wall -c -fmessage-length=0 -o "src\\LinkedList.o" "..\\src\\LinkedList.c" 
gcc -o TP_4 "src\\LinkedList.o" "src\\main.o" "testing\\src\\Employee.o" "testing\\src\\addNodeTest.o" "testing\\src\\addTest.o" "testing\\src\\clearTest.o" "testing\\src\\cloneTest.o" "testing\\src\\containsAllTest.o" "testing\\src\\containsTest.o" "testing\\src\\deleteLinkedListTest.o" "testing\\src\\getNodeTest.o" "testing\\src\\getTest.o" "testing\\src\\indexOfTest.o" "testing\\src\\isEmptyTest.o" "testing\\src\\lenTest.o" "testing\\src\\main_test.o" "testing\\src\\newTest.o" "testing\\src\\popTest.o" "testing\\src\\pushTest.o" "testing\\src\\removeTest.o" "testing\\src\\setTest.o" "testing\\src\\sortTest.o" "testing\\src\\subListTest.o" "testing\\utest.o" 
11:01:56 **** Incremental Build of configuration Debug for project TP_4 ****
Info: Internal Builder is used for build
gcc -O0 -g3 -Wall -c -fmessage-length=0 -o "src\\LinkedList.o" "..\\src\\LinkedList.c" 
gcc -o TP_4 "src\\LinkedList.o" "src\\main.o" "testing\\src\\Employee.o" "testing\\src\\addNodeTest.o" "testing\\src\\addTest.o" "testing\\src\\clearTest.o" "testing\\src\\cloneTest.o" "testing\\src\\containsAllTest.o" "testing\\src\\containsTest.o" "testing\\src\\deleteLinkedListTest.o" "testing\\src\\getNodeTest.o" "testing\\src\\getTest.o" "testing\\src\\indexOfTest.o" "testing\\src\\isEmptyTest.o" "testing\\src\\lenTest.o" "testing\\src\\main_test.o" "testing\\src\\newTest.o" "testing\\src\\popTest.o" "testing\\src\\pushTest.o" "testing\\src\\removeTest.o" "testing\\src\\setTest.o" "testing\\src\\sortTest.o" "testing\\src\\subListTest.o" "testing\\utest.o" 
11:02:30 **** Incremental Build of configuration Debug for project TP_4 ****
Info: Internal Builder is used for build
gcc -O0 -g3 -Wall -c -fmessage-length=0 -o "src\\LinkedList.o" "..\\src\\LinkedList.c" 
gcc -o TP_4 "src\\LinkedList.o" "src\\main.o" "testing\\src\\Employee.o" "testing\\src\\addNodeTest.o" "testing\\src\\addTest.o" "testing\\src\\clearTest.o" "testing\\src\\cloneTest.o" "testing\\src\\containsAllTest.o" "testing\\src\\containsTest.o" "testing\\src\\deleteLinkedListTest.o" "testing\\src\\getNodeTest.o" "testing\\src\\getTest.o" "testing\\src\\indexOfTest.o" "testing\\src\\isEmptyTest.o" "testing\\src\\lenTest.o" "testing\\src\\main_test.o" "testing\\src\\newTest.o" "testing\\src\\popTest.o" "testing\\src\\pushTest.o" "testing\\src\\removeTest.o" "testing\\src\\setTest.o" "testing\\src\\sortTest.o" "testing\\src\\subListTest.o" "testing\\utest.o" 
Info: Nothing to build for TP_4
11:03:48 **** Incremental Build of configuration Debug for project TP_4 ****
Info: Internal Builder is used for build
gcc -O0 -g3 -Wall -c -fmessage-length=0 -o "src\\LinkedList.o" "..\\src\\LinkedList.c" 
..\src\LinkedList.c: In function 'll_remove':
..\src\LinkedList.c:207:11: warning: unused variable 'nextNode' [-Wunused-variable]
  207 |     Node* nextNode;
      |           ^~~~~~~~
..\src\LinkedList.c:206:11: warning: unused variable 'lastNode' [-Wunused-variable]
  206 |     Node* lastNode;
      |           ^~~~~~~~
gcc -o TP_4 "src\\LinkedList.o" "src\\main.o" "testing\\src\\Employee.o" "testing\\src\\addNodeTest.o" "testing\\src\\addTest.o" "testing\\src\\clearTest.o" "testing\\src\\cloneTest.o" "testing\\src\\containsAllTest.o" "testing\\src\\containsTest.o" "testing\\src\\deleteLinkedListTest.o" "testing\\src\\getNodeTest.o" "testing\\src\\getTest.o" "testing\\src\\indexOfTest.o" "testing\\src\\isEmptyTest.o" "testing\\src\\lenTest.o" "testing\\src\\main_test.o" "testing\\src\\newTest.o" "testing\\src\\popTest.o" "testing\\src\\pushTest.o" "testing\\src\\removeTest.o" "testing\\src\\setTest.o" "testing\\src\\sortTest.o" "testing\\src\\subListTest.o" "testing\\utest.o" 
11:04:13 **** Incremental Build of configuration Debug for project TP_4 ****
Info: Internal Builder is used for build
gcc -O0 -g3 -Wall -c -fmessage-length=0 -o "src\\LinkedList.o" "..\\src\\LinkedList.c" 
gcc -o TP_4 "src\\LinkedList.o" "src\\main.o" "testing\\src\\Employee.o" "testing\\src\\addNodeTest.o" "testing\\src\\addTest.o" "testing\\src\\clearTest.o" "testing\\src\\cloneTest.o" "testing\\src\\containsAllTest.o" "testing\\src\\containsTest.o" "testing\\src\\deleteLinkedListTest.o" "testing\\src\\getNodeTest.o" "testing\\src\\getTest.o" "testing\\src\\indexOfTest.o" "testing\\src\\isEmptyTest.o" "testing\\src\\lenTest.o" "testing\\src\\main_test.o" "testing\\src\\newTest.o" "testing\\src\\popTest.o" "testing\\src\\pushTest.o" "testing\\src\\removeTest.o" "testing\\src\\setTest.o" "testing\\src\\sortTest.o" "testing\\src\\subListTest.o" "testing\\utest.o" 
11:07:38 **** Incremental Build of configuration Debug for project TP_4 ****
Info: Internal Builder is used for build
gcc -O0 -g3 -Wall -c -fmessage-length=0 -o "src\\LinkedList.o" "..\\src\\LinkedList.c" 
gcc -o TP_4 "src\\LinkedList.o" "src\\main.o" "testing\\src\\Employee.o" "testing\\src\\addNodeTest.o" "testing\\src\\addTest.o" "testing\\src\\clearTest.o" "testing\\src\\cloneTest.o" "testing\\src\\containsAllTest.o" "testing\\src\\containsTest.o" "testing\\src\\deleteLinkedListTest.o" "testing\\src\\getNodeTest.o" "testing\\src\\getTest.o" "testing\\src\\indexOfTest.o" "testing\\src\\isEmptyTest.o" "testing\\src\\lenTest.o" "testing\\src\\main_test.o" "testing\\src\\newTest.o" "testing\\src\\popTest.o" "testing\\src\\pushTest.o" "testing\\src\\removeTest.o" "testing\\src\\setTest.o" "testing\\src\\sortTest.o" "testing\\src\\subListTest.o" "testing\\utest.o" 
11:10:52 **** Incremental Build of configuration Debug for project TP_4 ****
Info: Internal Builder is used for build
gcc -O0 -g3 -Wall -c -fmessage-length=0 -o "src\\LinkedList.o" "..\\src\\LinkedList.c" 
gcc -o TP_4 "src\\LinkedList.o" "src\\main.o" "testing\\src\\Employee.o" "testing\\src\\addNodeTest.o" "testing\\src\\addTest.o" "testing\\src\\clearTest.o" "testing\\src\\cloneTest.o" "testing\\src\\containsAllTest.o" "testing\\src\\containsTest.o" "testing\\src\\deleteLinkedListTest.o" "testing\\src\\getNodeTest.o" "testing\\src\\getTest.o" "testing\\src\\indexOfTest.o" "testing\\src\\isEmptyTest.o" "testing\\src\\lenTest.o" "testing\\src\\main_test.o" "testing\\src\\newTest.o" "testing\\src\\popTest.o" "testing\\src\\pushTest.o" "testing\\src\\removeTest.o" "testing\\src\\setTest.o" "testing\\src\\sortTest.o" "testing\\src\\subListTest.o" "testing\\utest.o" 
11:11:49 **** Incremental Build of configuration Debug for project TP_4 ****
Info: Internal Builder is used for build
gcc -O0 -g3 -Wall -c -fmessage-length=0 -o "src\\LinkedList.o" "..\\src\\LinkedList.c" 
..\src\LinkedList.c: In function 'll_remove':
..\src\LinkedList.c:214:36: warning: 'auxNode' may be used uninitialized in this function [-Wmaybe-uninitialized]
  214 |       lastNode->pNextNode = auxNode->pNextNode;
      |                             ~~~~~~~^~~~~~~~~~~
gcc -o TP_4 "src\\LinkedList.o" "src\\main.o" "testing\\src\\Employee.o" "testing\\src\\addNodeTest.o" "testing\\src\\addTest.o" "testing\\src\\clearTest.o" "testing\\src\\cloneTest.o" "testing\\src\\containsAllTest.o" "testing\\src\\containsTest.o" "testing\\src\\deleteLinkedListTest.o" "testing\\src\\getNodeTest.o" "testing\\src\\getTest.o" "testing\\src\\indexOfTest.o" "testing\\src\\isEmptyTest.o" "testing\\src\\lenTest.o" "testing\\src\\main_test.o" "testing\\src\\newTest.o" "testing\\src\\popTest.o" "testing\\src\\pushTest.o" "testing\\src\\removeTest.o" "testing\\src\\setTest.o" "testing\\src\\sortTest.o" "testing\\src\\subListTest.o" "testing\\utest.o" 
11:12:00 **** Incremental Build of configuration Debug for project TP_4 ****
Info: Internal Builder is used for build
gcc -O0 -g3 -Wall -c -fmessage-length=0 -o "src\\LinkedList.o" "..\\src\\LinkedList.c" 
gcc -o TP_4 "src\\LinkedList.o" "src\\main.o" "testing\\src\\Employee.o" "testing\\src\\addNodeTest.o" "testing\\src\\addTest.o" "testing\\src\\clearTest.o" "testing\\src\\cloneTest.o" "testing\\src\\containsAllTest.o" "testing\\src\\containsTest.o" "testing\\src\\deleteLinkedListTest.o" "testing\\src\\getNodeTest.o" "testing\\src\\getTest.o" "testing\\src\\indexOfTest.o" "testing\\src\\isEmptyTest.o" "testing\\src\\lenTest.o" "testing\\src\\main_test.o" "testing\\src\\newTest.o" "testing\\src\\popTest.o" "testing\\src\\pushTest.o" "testing\\src\\removeTest.o" "testing\\src\\setTest.o" "testing\\src\\sortTest.o" "testing\\src\\subListTest.o" "testing\\utest.o" 
11:13:21 **** Incremental Build of configuration Debug for project TP_4 ****
Info: Internal Builder is used for build
gcc -O0 -g3 -Wall -c -fmessage-length=0 -o "src\\LinkedList.o" "..\\src\\LinkedList.c" 
gcc -o TP_4 "src\\LinkedList.o" "src\\main.o" "testing\\src\\Employee.o" "testing\\src\\addNodeTest.o" "testing\\src\\addTest.o" "testing\\src\\clearTest.o" "testing\\src\\cloneTest.o" "testing\\src\\containsAllTest.o" "testing\\src\\containsTest.o" "testing\\src\\deleteLinkedListTest.o" "testing\\src\\getNodeTest.o" "testing\\src\\getTest.o" "testing\\src\\indexOfTest.o" "testing\\src\\isEmptyTest.o" "testing\\src\\lenTest.o" "testing\\src\\main_test.o" "testing\\src\\newTest.o" "testing\\src\\popTest.o" "testing\\src\\pushTest.o" "testing\\src\\removeTest.o" "testing\\src\\setTest.o" "testing\\src\\sortTest.o" "testing\\src\\subListTest.o" "testing\\utest.o" 
11:14:32 **** Incremental Build of configuration Debug for project TP_4 ****
Info: Internal Builder is used for build
gcc -O0 -g3 -Wall -c -fmessage-length=0 -o "src\\LinkedList.o" "..\\src\\LinkedList.c" 
..\src\LinkedList.c: In function 'll_remove':
..\src\LinkedList.c:207:24: warning: 'auxNode' is used uninitialized in this function [-Wuninitialized]
  207 |     auxNode->pNextNode = NULL;
      |                        ^
gcc -o TP_4 "src\\LinkedList.o" "src\\main.o" "testing\\src\\Employee.o" "testing\\src\\addNodeTest.o" "testing\\src\\addTest.o" "testing\\src\\clearTest.o" "testing\\src\\cloneTest.o" "testing\\src\\containsAllTest.o" "testing\\src\\containsTest.o" "testing\\src\\deleteLinkedListTest.o" "testing\\src\\getNodeTest.o" "testing\\src\\getTest.o" "testing\\src\\indexOfTest.o" "testing\\src\\isEmptyTest.o" "testing\\src\\lenTest.o" "testing\\src\\main_test.o" "testing\\src\\newTest.o" "testing\\src\\popTest.o" "testing\\src\\pushTest.o" "testing\\src\\removeTest.o" "testing\\src\\setTest.o" "testing\\src\\sortTest.o" "testing\\src\\subListTest.o" "testing\\utest.o" 
11:14:50 **** Incremental Build of configuration Debug for project TP_4 ****
Info: Internal Builder is used for build
gcc -O0 -g3 -Wall -c -fmessage-length=0 -o "src\\LinkedList.o" "..\\src\\LinkedList.c" 
gcc -o TP_4 "src\\LinkedList.o" "src\\main.o" "testing\\src\\Employee.o" "testing\\src\\addNodeTest.o" "testing\\src\\addTest.o" "testing\\src\\clearTest.o" "testing\\src\\cloneTest.o" "testing\\src\\containsAllTest.o" "testing\\src\\containsTest.o" "testing\\src\\deleteLinkedListTest.o" "testing\\src\\getNodeTest.o" "testing\\src\\getTest.o" "testing\\src\\indexOfTest.o" "testing\\src\\isEmptyTest.o" "testing\\src\\lenTest.o" "testing\\src\\main_test.o" "testing\\src\\newTest.o" "testing\\src\\popTest.o" "testing\\src\\pushTest.o" "testing\\src\\removeTest.o" "testing\\src\\setTest.o" "testing\\src\\sortTest.o" "testing\\src\\subListTest.o" "testing\\utest.o" 
11:15:43 **** Incremental Build of configuration Debug for project TP_4 ****
Info: Internal Builder is used for build
gcc -O0 -g3 -Wall -c -fmessage-length=0 -o "src\\LinkedList.o" "..\\src\\LinkedList.c" 
gcc -o TP_4 "src\\LinkedList.o" "src\\main.o" "testing\\src\\Employee.o" "testing\\src\\addNodeTest.o" "testing\\src\\addTest.o" "testing\\src\\clearTest.o" "testing\\src\\cloneTest.o" "testing\\src\\containsAllTest.o" "testing\\src\\containsTest.o" "testing\\src\\deleteLinkedListTest.o" "testing\\src\\getNodeTest.o" "testing\\src\\getTest.o" "testing\\src\\indexOfTest.o" "testing\\src\\isEmptyTest.o" "testing\\src\\lenTest.o" "testing\\src\\main_test.o" "testing\\src\\newTest.o" "testing\\src\\popTest.o" "testing\\src\\pushTest.o" "testing\\src\\removeTest.o" "testing\\src\\setTest.o" "testing\\src\\sortTest.o" "testing\\src\\subListTest.o" "testing\\utest.o" 
11:23:30 **** Incremental Build of configuration Debug for project TP_4 ****
Info: Internal Builder is used for build
gcc -O0 -g3 -Wall -c -fmessage-length=0 -o "src\\LinkedList.o" "..\\src\\LinkedList.c" 
gcc -O0 -g3 -Wall -c -fmessage-length=0 -o "src\\main.o" "..\\src\\main.c" 
gcc -o TP_4 "src\\LinkedList.o" "src\\main.o" "testing\\src\\Employee.o" "testing\\src\\addNodeTest.o" "testing\\src\\addTest.o" "testing\\src\\clearTest.o" "testing\\src\\cloneTest.o" "testing\\src\\containsAllTest.o" "testing\\src\\containsTest.o" "testing\\src\\deleteLinkedListTest.o" "testing\\src\\getNodeTest.o" "testing\\src\\getTest.o" "testing\\src\\indexOfTest.o" "testing\\src\\isEmptyTest.o" "testing\\src\\lenTest.o" "testing\\src\\main_test.o" "testing\\src\\newTest.o" "testing\\src\\popTest.o" "testing\\src\\pushTest.o" "testing\\src\\removeTest.o" "testing\\src\\setTest.o" "testing\\src\\sortTest.o" "testing\\src\\subListTest.o" "testing\\utest.o" 
11:25:22 **** Incremental Build of configuration Debug for project TP_4 ****
Info: Internal Builder is used for build
gcc -O0 -g3 -Wall -c -fmessage-length=0 -o "src\\LinkedList.o" "..\\src\\LinkedList.c" 
gcc -O0 -g3 -Wall -c -fmessage-length=0 -o "src\\main.o" "..\\src\\main.c" 
gcc -o TP_4 "src\\LinkedList.o" "src\\main.o" "testing\\src\\Employee.o" "testing\\src\\addNodeTest.o" "testing\\src\\addTest.o" "testing\\src\\clearTest.o" "testing\\src\\cloneTest.o" "testing\\src\\containsAllTest.o" "testing\\src\\containsTest.o" "testing\\src\\deleteLinkedListTest.o" "testing\\src\\getNodeTest.o" "testing\\src\\getTest.o" "testing\\src\\indexOfTest.o" "testing\\src\\isEmptyTest.o" "testing\\src\\lenTest.o" "testing\\src\\main_test.o" "testing\\src\\newTest.o" "testing\\src\\popTest.o" "testing\\src\\pushTest.o" "testing\\src\\removeTest.o" "testing\\src\\setTest.o" "testing\\src\\sortTest.o" "testing\\src\\subListTest.o" "testing\\utest.o" 
11:25:33 **** Incremental Build of configuration Debug for project TP_4 ****
Info: Internal Builder is used for build
gcc -O0 -g3 -Wall -c -fmessage-length=0 -o "src\\LinkedList.o" "..\\src\\LinkedList.c" 
gcc -o TP_4 "src\\LinkedList.o" "src\\main.o" "testing\\src\\Employee.o" "testing\\src\\addNodeTest.o" "testing\\src\\addTest.o" "testing\\src\\clearTest.o" "testing\\src\\cloneTest.o" "testing\\src\\containsAllTest.o" "testing\\src\\containsTest.o" "testing\\src\\deleteLinkedListTest.o" "testing\\src\\getNodeTest.o" "testing\\src\\getTest.o" "testing\\src\\indexOfTest.o" "testing\\src\\isEmptyTest.o" "testing\\src\\lenTest.o" "testing\\src\\main_test.o" "testing\\src\\newTest.o" "testing\\src\\popTest.o" "testing\\src\\pushTest.o" "testing\\src\\removeTest.o" "testing\\src\\setTest.o" "testing\\src\\sortTest.o" "testing\\src\\subListTest.o" "testing\\utest.o" 
11:25:39 **** Incremental Build of configuration Debug for project TP_4 ****
Info: Internal Builder is used for build
gcc -O0 -g3 -Wall -c -fmessage-length=0 -o "src\\LinkedList.o" "..\\src\\LinkedList.c" 
gcc -o TP_4 "src\\LinkedList.o" "src\\main.o" "testing\\src\\Employee.o" "testing\\src\\addNodeTest.o" "testing\\src\\addTest.o" "testing\\src\\clearTest.o" "testing\\src\\cloneTest.o" "testing\\src\\containsAllTest.o" "testing\\src\\containsTest.o" "testing\\src\\deleteLinkedListTest.o" "testing\\src\\getNodeTest.o" "testing\\src\\getTest.o" "testing\\src\\indexOfTest.o" "testing\\src\\isEmptyTest.o" "testing\\src\\lenTest.o" "testing\\src\\main_test.o" "testing\\src\\newTest.o" "testing\\src\\popTest.o" "testing\\src\\pushTest.o" "testing\\src\\removeTest.o" "testing\\src\\setTest.o" "testing\\src\\sortTest.o" "testing\\src\\subListTest.o" "testing\\utest.o" 
11:25:54 **** Incremental Build of configuration Debug for project TP_4 ****
Info: Internal Builder is used for build
gcc -O0 -g3 -Wall -c -fmessage-length=0 -o "src\\main.o" "..\\src\\main.c" 
gcc -O0 -g3 -Wall -c -fmessage-length=0 -o "src\\LinkedList.o" "..\\src\\LinkedList.c" 
gcc -o TP_4 "src\\LinkedList.o" "src\\main.o" "testing\\src\\Employee.o" "testing\\src\\addNodeTest.o" "testing\\src\\addTest.o" "testing\\src\\clearTest.o" "testing\\src\\cloneTest.o" "testing\\src\\containsAllTest.o" "testing\\src\\containsTest.o" "testing\\src\\deleteLinkedListTest.o" "testing\\src\\getNodeTest.o" "testing\\src\\getTest.o" "testing\\src\\indexOfTest.o" "testing\\src\\isEmptyTest.o" "testing\\src\\lenTest.o" "testing\\src\\main_test.o" "testing\\src\\newTest.o" "testing\\src\\popTest.o" "testing\\src\\pushTest.o" "testing\\src\\removeTest.o" "testing\\src\\setTest.o" "testing\\src\\sortTest.o" "testing\\src\\subListTest.o" "testing\\utest.o" 
11:26:07 **** Incremental Build of configuration Debug for project TP_4 ****
Info: Internal Builder is used for build
gcc -O0 -g3 -Wall -c -fmessage-length=0 -o "src\\LinkedList.o" "..\\src\\LinkedList.c" 
gcc -o TP_4 "src\\LinkedList.o" "src\\main.o" "testing\\src\\Employee.o" "testing\\src\\addNodeTest.o" "testing\\src\\addTest.o" "testing\\src\\clearTest.o" "testing\\src\\cloneTest.o" "testing\\src\\containsAllTest.o" "testing\\src\\containsTest.o" "testing\\src\\deleteLinkedListTest.o" "testing\\src\\getNodeTest.o" "testing\\src\\getTest.o" "testing\\src\\indexOfTest.o" "testing\\src\\isEmptyTest.o" "testing\\src\\lenTest.o" "testing\\src\\main_test.o" "testing\\src\\newTest.o" "testing\\src\\popTest.o" "testing\\src\\pushTest.o" "testing\\src\\removeTest.o" "testing\\src\\setTest.o" "testing\\src\\sortTest.o" "testing\\src\\subListTest.o" "testing\\utest.o" 
11:26:13 **** Incremental Build of configuration Debug for project TP_4 ****
Info: Internal Builder is used for build
gcc -O0 -g3 -Wall -c -fmessage-length=0 -o "src\\LinkedList.o" "..\\src\\LinkedList.c" 
gcc -o TP_4 "src\\LinkedList.o" "src\\main.o" "testing\\src\\Employee.o" "testing\\src\\addNodeTest.o" "testing\\src\\addTest.o" "testing\\src\\clearTest.o" "testing\\src\\cloneTest.o" "testing\\src\\containsAllTest.o" "testing\\src\\containsTest.o" "testing\\src\\deleteLinkedListTest.o" "testing\\src\\getNodeTest.o" "testing\\src\\getTest.o" "testing\\src\\indexOfTest.o" "testing\\src\\isEmptyTest.o" "testing\\src\\lenTest.o" "testing\\src\\main_test.o" "testing\\src\\newTest.o" "testing\\src\\popTest.o" "testing\\src\\pushTest.o" "testing\\src\\removeTest.o" "testing\\src\\setTest.o" "testing\\src\\sortTest.o" "testing\\src\\subListTest.o" "testing\\utest.o" 
11:26:24 **** Incremental Build of configuration Debug for project TP_4 ****
Info: Internal Builder is used for build
gcc -O0 -g3 -Wall -c -fmessage-length=0 -o "src\\LinkedList.o" "..\\src\\LinkedList.c" 
gcc -o TP_4 "src\\LinkedList.o" "src\\main.o" "testing\\src\\Employee.o" "testing\\src\\addNodeTest.o" "testing\\src\\addTest.o" "testing\\src\\clearTest.o" "testing\\src\\cloneTest.o" "testing\\src\\containsAllTest.o" "testing\\src\\containsTest.o" "testing\\src\\deleteLinkedListTest.o" "testing\\src\\getNodeTest.o" "testing\\src\\getTest.o" "testing\\src\\indexOfTest.o" "testing\\src\\isEmptyTest.o" "testing\\src\\lenTest.o" "testing\\src\\main_test.o" "testing\\src\\newTest.o" "testing\\src\\popTest.o" "testing\\src\\pushTest.o" "testing\\src\\removeTest.o" "testing\\src\\setTest.o" "testing\\src\\sortTest.o" "testing\\src\\subListTest.o" "testing\\utest.o" 
11:26:35 **** Incremental Build of configuration Debug for project TP_4 ****
Info: Internal Builder is used for build
gcc -O0 -g3 -Wall -c -fmessage-length=0 -o "src\\LinkedList.o" "..\\src\\LinkedList.c" 
gcc -o TP_4 "src\\LinkedList.o" "src\\main.o" "testing\\src\\Employee.o" "testing\\src\\addNodeTest.o" "testing\\src\\addTest.o" "testing\\src\\clearTest.o" "testing\\src\\cloneTest.o" "testing\\src\\containsAllTest.o" "testing\\src\\containsTest.o" "testing\\src\\deleteLinkedListTest.o" "testing\\src\\getNodeTest.o" "testing\\src\\getTest.o" "testing\\src\\indexOfTest.o" "testing\\src\\isEmptyTest.o" "testing\\src\\lenTest.o" "testing\\src\\main_test.o" "testing\\src\\newTest.o" "testing\\src\\popTest.o" "testing\\src\\pushTest.o" "testing\\src\\removeTest.o" "testing\\src\\setTest.o" "testing\\src\\sortTest.o" "testing\\src\\subListTest.o" "testing\\utest.o" 
11:26:41 **** Incremental Build of configuration Debug for project TP_4 ****
Info: Internal Builder is used for build
gcc -O0 -g3 -Wall -c -fmessage-length=0 -o "src\\LinkedList.o" "..\\src\\LinkedList.c" 
gcc -o TP_4 "src\\LinkedList.o" "src\\main.o" "testing\\src\\Employee.o" "testing\\src\\addNodeTest.o" "testing\\src\\addTest.o" "testing\\src\\clearTest.o" "testing\\src\\cloneTest.o" "testing\\src\\containsAllTest.o" "testing\\src\\containsTest.o" "testing\\src\\deleteLinkedListTest.o" "testing\\src\\getNodeTest.o" "testing\\src\\getTest.o" "testing\\src\\indexOfTest.o" "testing\\src\\isEmptyTest.o" "testing\\src\\lenTest.o" "testing\\src\\main_test.o" "testing\\src\\newTest.o" "testing\\src\\popTest.o" "testing\\src\\pushTest.o" "testing\\src\\removeTest.o" "testing\\src\\setTest.o" "testing\\src\\sortTest.o" "testing\\src\\subListTest.o" "testing\\utest.o" 
11:27:03 **** Incremental Build of configuration Debug for project TP_4 ****
Info: Internal Builder is used for build
gcc -O0 -g3 -Wall -c -fmessage-length=0 -o "src\\LinkedList.o" "..\\src\\LinkedList.c" 
gcc -o TP_4 "src\\LinkedList.o" "src\\main.o" "testing\\src\\Employee.o" "testing\\src\\addNodeTest.o" "testing\\src\\addTest.o" "testing\\src\\clearTest.o" "testing\\src\\cloneTest.o" "testing\\src\\containsAllTest.o" "testing\\src\\containsTest.o" "testing\\src\\deleteLinkedListTest.o" "testing\\src\\getNodeTest.o" "testing\\src\\getTest.o" "testing\\src\\indexOfTest.o" "testing\\src\\isEmptyTest.o" "testing\\src\\lenTest.o" "testing\\src\\main_test.o" "testing\\src\\newTest.o" "testing\\src\\popTest.o" "testing\\src\\pushTest.o" "testing\\src\\removeTest.o" "testing\\src\\setTest.o" "testing\\src\\sortTest.o" "testing\\src\\subListTest.o" "testing\\utest.o" 
11:39:12 **** Incremental Build of configuration Debug for project TP_4 ****
Info: Internal Builder is used for build
gcc -O0 -g3 -Wall -c -fmessage-length=0 -o "src\\main.o" "..\\src\\main.c" 
gcc -O0 -g3 -Wall -c -fmessage-length=0 -o "src\\LinkedList.o" "..\\src\\LinkedList.c" 
gcc -o TP_4 "src\\LinkedList.o" "src\\main.o" "testing\\src\\Employee.o" "testing\\src\\addNodeTest.o" "testing\\src\\addTest.o" "testing\\src\\clearTest.o" "testing\\src\\cloneTest.o" "testing\\src\\containsAllTest.o" "testing\\src\\containsTest.o" "testing\\src\\deleteLinkedListTest.o" "testing\\src\\getNodeTest.o" "testing\\src\\getTest.o" "testing\\src\\indexOfTest.o" "testing\\src\\isEmptyTest.o" "testing\\src\\lenTest.o" "testing\\src\\main_test.o" "testing\\src\\newTest.o" "testing\\src\\popTest.o" "testing\\src\\pushTest.o" "testing\\src\\removeTest.o" "testing\\src\\setTest.o" "testing\\src\\sortTest.o" "testing\\src\\subListTest.o" "testing\\utest.o" 
11:39:22 **** Incremental Build of configuration Debug for project TP_4 ****
Info: Internal Builder is used for build
gcc -O0 -g3 -Wall -c -fmessage-length=0 -o "src\\LinkedList.o" "..\\src\\LinkedList.c" 
gcc -o TP_4 "src\\LinkedList.o" "src\\main.o" "testing\\src\\Employee.o" "testing\\src\\addNodeTest.o" "testing\\src\\addTest.o" "testing\\src\\clearTest.o" "testing\\src\\cloneTest.o" "testing\\src\\containsAllTest.o" "testing\\src\\containsTest.o" "testing\\src\\deleteLinkedListTest.o" "testing\\src\\getNodeTest.o" "testing\\src\\getTest.o" "testing\\src\\indexOfTest.o" "testing\\src\\isEmptyTest.o" "testing\\src\\lenTest.o" "testing\\src\\main_test.o" "testing\\src\\newTest.o" "testing\\src\\popTest.o" "testing\\src\\pushTest.o" "testing\\src\\removeTest.o" "testing\\src\\setTest.o" "testing\\src\\sortTest.o" "testing\\src\\subListTest.o" "testing\\utest.o" 
11:48:14 **** Incremental Build of configuration Debug for project TP_4 ****
Info: Internal Builder is used for build
gcc -O0 -g3 -Wall -c -fmessage-length=0 -o "src\\main.o" "..\\src\\main.c" 
gcc -O0 -g3 -Wall -c -fmessage-length=0 -o "src\\LinkedList.o" "..\\src\\LinkedList.c" 
gcc -o TP_4 "src\\LinkedList.o" "src\\main.o" "testing\\src\\Employee.o" "testing\\src\\addNodeTest.o" "testing\\src\\addTest.o" "testing\\src\\clearTest.o" "testing\\src\\cloneTest.o" "testing\\src\\containsAllTest.o" "testing\\src\\containsTest.o" "testing\\src\\deleteLinkedListTest.o" "testing\\src\\getNodeTest.o" "testing\\src\\getTest.o" "testing\\src\\indexOfTest.o" "testing\\src\\isEmptyTest.o" "testing\\src\\lenTest.o" "testing\\src\\main_test.o" "testing\\src\\newTest.o" "testing\\src\\popTest.o" "testing\\src\\pushTest.o" "testing\\src\\removeTest.o" "testing\\src\\setTest.o" "testing\\src\\sortTest.o" "testing\\src\\subListTest.o" "testing\\utest.o" 
11:49:51 **** Incremental Build of configuration Debug for project TP_4 ****
Info: Internal Builder is used for build
gcc -O0 -g3 -Wall -c -fmessage-length=0 -o "src\\LinkedList.o" "..\\src\\LinkedList.c" 
gcc -O0 -g3 -Wall -c -fmessage-length=0 -o "src\\main.o" "..\\src\\main.c" 
gcc -o TP_4 "src\\LinkedList.o" "src\\main.o" "testing\\src\\Employee.o" "testing\\src\\addNodeTest.o" "testing\\src\\addTest.o" "testing\\src\\clearTest.o" "testing\\src\\cloneTest.o" "testing\\src\\containsAllTest.o" "testing\\src\\containsTest.o" "testing\\src\\deleteLinkedListTest.o" "testing\\src\\getNodeTest.o" "testing\\src\\getTest.o" "testing\\src\\indexOfTest.o" "testing\\src\\isEmptyTest.o" "testing\\src\\lenTest.o" "testing\\src\\main_test.o" "testing\\src\\newTest.o" "testing\\src\\popTest.o" "testing\\src\\pushTest.o" "testing\\src\\removeTest.o" "testing\\src\\setTest.o" "testing\\src\\sortTest.o" "testing\\src\\subListTest.o" "testing\\utest.o" 
11:53:47 **** Incremental Build of configuration Debug for project TP_4 ****
Info: Internal Builder is used for build
gcc -O0 -g3 -Wall -c -fmessage-length=0 -o "src\\LinkedList.o" "..\\src\\LinkedList.c" 
gcc -O0 -g3 -Wall -c -fmessage-length=0 -o "src\\main.o" "..\\src\\main.c" 
gcc -o TP_4 "src\\LinkedList.o" "src\\main.o" "testing\\src\\Employee.o" "testing\\src\\addNodeTest.o" "testing\\src\\addTest.o" "testing\\src\\clearTest.o" "testing\\src\\cloneTest.o" "testing\\src\\containsAllTest.o" "testing\\src\\containsTest.o" "testing\\src\\deleteLinkedListTest.o" "testing\\src\\getNodeTest.o" "testing\\src\\getTest.o" "testing\\src\\indexOfTest.o" "testing\\src\\isEmptyTest.o" "testing\\src\\lenTest.o" "testing\\src\\main_test.o" "testing\\src\\newTest.o" "testing\\src\\popTest.o" "testing\\src\\pushTest.o" "testing\\src\\removeTest.o" "testing\\src\\setTest.o" "testing\\src\\sortTest.o" "testing\\src\\subListTest.o" "testing\\utest.o" 
11:55:05 **** Incremental Build of configuration Debug for project TP_4 ****
Info: Internal Builder is used for build
gcc -O0 -g3 -Wall -c -fmessage-length=0 -o "src\\LinkedList.o" "..\\src\\LinkedList.c" 
gcc -o TP_4 "src\\LinkedList.o" "src\\main.o" "testing\\src\\Employee.o" "testing\\src\\addNodeTest.o" "testing\\src\\addTest.o" "testing\\src\\clearTest.o" "testing\\src\\cloneTest.o" "testing\\src\\containsAllTest.o" "testing\\src\\containsTest.o" "testing\\src\\deleteLinkedListTest.o" "testing\\src\\getNodeTest.o" "testing\\src\\getTest.o" "testing\\src\\indexOfTest.o" "testing\\src\\isEmptyTest.o" "testing\\src\\lenTest.o" "testing\\src\\main_test.o" "testing\\src\\newTest.o" "testing\\src\\popTest.o" "testing\\src\\pushTest.o" "testing\\src\\removeTest.o" "testing\\src\\setTest.o" "testing\\src\\sortTest.o" "testing\\src\\subListTest.o" "testing\\utest.o" 
11:58:55 **** Incremental Build of configuration Debug for project TP_4 ****
Info: Internal Builder is used for build
gcc -O0 -g3 -Wall -c -fmessage-length=0 -o "src\\LinkedList.o" "..\\src\\LinkedList.c" 
gcc -O0 -g3 -Wall -c -fmessage-length=0 -o "src\\main.o" "..\\src\\main.c" 
gcc -o TP_4 "src\\LinkedList.o" "src\\main.o" "testing\\src\\Employee.o" "testing\\src\\addNodeTest.o" "testing\\src\\addTest.o" "testing\\src\\clearTest.o" "testing\\src\\cloneTest.o" "testing\\src\\containsAllTest.o" "testing\\src\\containsTest.o" "testing\\src\\deleteLinkedListTest.o" "testing\\src\\getNodeTest.o" "testing\\src\\getTest.o" "testing\\src\\indexOfTest.o" "testing\\src\\isEmptyTest.o" "testing\\src\\lenTest.o" "testing\\src\\main_test.o" "testing\\src\\newTest.o" "testing\\src\\popTest.o" "testing\\src\\pushTest.o" "testing\\src\\removeTest.o" "testing\\src\\setTest.o" "testing\\src\\sortTest.o" "testing\\src\\subListTest.o" "testing\\utest.o" 
11:59:12 **** Incremental Build of configuration Debug for project TP_4 ****
Info: Internal Builder is used for build
gcc -O0 -g3 -Wall -c -fmessage-length=0 -o "src\\LinkedList.o" "..\\src\\LinkedList.c" 
gcc -o TP_4 "src\\LinkedList.o" "src\\main.o" "testing\\src\\Employee.o" "testing\\src\\addNodeTest.o" "testing\\src\\addTest.o" "testing\\src\\clearTest.o" "testing\\src\\cloneTest.o" "testing\\src\\containsAllTest.o" "testing\\src\\containsTest.o" "testing\\src\\deleteLinkedListTest.o" "testing\\src\\getNodeTest.o" "testing\\src\\getTest.o" "testing\\src\\indexOfTest.o" "testing\\src\\isEmptyTest.o" "testing\\src\\lenTest.o" "testing\\src\\main_test.o" "testing\\src\\newTest.o" "testing\\src\\popTest.o" "testing\\src\\pushTest.o" "testing\\src\\removeTest.o" "testing\\src\\setTest.o" "testing\\src\\sortTest.o" "testing\\src\\subListTest.o" "testing\\utest.o" 
11:59:48 **** Incremental Build of configuration Debug for project TP_4 ****
Info: Internal Builder is used for build
gcc -O0 -g3 -Wall -c -fmessage-length=0 -o "src\\LinkedList.o" "..\\src\\LinkedList.c" 
gcc -o TP_4 "src\\LinkedList.o" "src\\main.o" "testing\\src\\Employee.o" "testing\\src\\addNodeTest.o" "testing\\src\\addTest.o" "testing\\src\\clearTest.o" "testing\\src\\cloneTest.o" "testing\\src\\containsAllTest.o" "testing\\src\\containsTest.o" "testing\\src\\deleteLinkedListTest.o" "testing\\src\\getNodeTest.o" "testing\\src\\getTest.o" "testing\\src\\indexOfTest.o" "testing\\src\\isEmptyTest.o" "testing\\src\\lenTest.o" "testing\\src\\main_test.o" "testing\\src\\newTest.o" "testing\\src\\popTest.o" "testing\\src\\pushTest.o" "testing\\src\\removeTest.o" "testing\\src\\setTest.o" "testing\\src\\sortTest.o" "testing\\src\\subListTest.o" "testing\\utest.o" 
12:00:10 **** Incremental Build of configuration Debug for project TP_4 ****
Info: Internal Builder is used for build
gcc -O0 -g3 -Wall -c -fmessage-length=0 -o "src\\main.o" "..\\src\\main.c" 
gcc -o TP_4 "src\\LinkedList.o" "src\\main.o" "testing\\src\\Employee.o" "testing\\src\\addNodeTest.o" "testing\\src\\addTest.o" "testing\\src\\clearTest.o" "testing\\src\\cloneTest.o" "testing\\src\\containsAllTest.o" "testing\\src\\containsTest.o" "testing\\src\\deleteLinkedListTest.o" "testing\\src\\getNodeTest.o" "testing\\src\\getTest.o" "testing\\src\\indexOfTest.o" "testing\\src\\isEmptyTest.o" "testing\\src\\lenTest.o" "testing\\src\\main_test.o" "testing\\src\\newTest.o" "testing\\src\\popTest.o" "testing\\src\\pushTest.o" "testing\\src\\removeTest.o" "testing\\src\\setTest.o" "testing\\src\\sortTest.o" "testing\\src\\subListTest.o" "testing\\utest.o" 
12:00:44 **** Incremental Build of configuration Debug for project TP_4 ****
Info: Internal Builder is used for build
gcc -O0 -g3 -Wall -c -fmessage-length=0 -o "src\\LinkedList.o" "..\\src\\LinkedList.c" 
gcc -o TP_4 "src\\LinkedList.o" "src\\main.o" "testing\\src\\Employee.o" "testing\\src\\addNodeTest.o" "testing\\src\\addTest.o" "testing\\src\\clearTest.o" "testing\\src\\cloneTest.o" "testing\\src\\containsAllTest.o" "testing\\src\\containsTest.o" "testing\\src\\deleteLinkedListTest.o" "testing\\src\\getNodeTest.o" "testing\\src\\getTest.o" "testing\\src\\indexOfTest.o" "testing\\src\\isEmptyTest.o" "testing\\src\\lenTest.o" "testing\\src\\main_test.o" "testing\\src\\newTest.o" "testing\\src\\popTest.o" "testing\\src\\pushTest.o" "testing\\src\\removeTest.o" "testing\\src\\setTest.o" "testing\\src\\sortTest.o" "testing\\src\\subListTest.o" "testing\\utest.o" 
12:00:53 **** Incremental Build of configuration Debug for project TP_4 ****
Info: Internal Builder is used for build
gcc -O0 -g3 -Wall -c -fmessage-length=0 -o "src\\main.o" "..\\src\\main.c" 
gcc -o TP_4 "src\\LinkedList.o" "src\\main.o" "testing\\src\\Employee.o" "testing\\src\\addNodeTest.o" "testing\\src\\addTest.o" "testing\\src\\clearTest.o" "testing\\src\\cloneTest.o" "testing\\src\\containsAllTest.o" "testing\\src\\containsTest.o" "testing\\src\\deleteLinkedListTest.o" "testing\\src\\getNodeTest.o" "testing\\src\\getTest.o" "testing\\src\\indexOfTest.o" "testing\\src\\isEmptyTest.o" "testing\\src\\lenTest.o" "testing\\src\\main_test.o" "testing\\src\\newTest.o" "testing\\src\\popTest.o" "testing\\src\\pushTest.o" "testing\\src\\removeTest.o" "testing\\src\\setTest.o" "testing\\src\\sortTest.o" "testing\\src\\subListTest.o" "testing\\utest.o" 
12:02:50 **** Incremental Build of configuration Debug for project TP_4 ****
Info: Internal Builder is used for build
gcc -O0 -g3 -Wall -c -fmessage-length=0 -o "src\\LinkedList.o" "..\\src\\LinkedList.c" 
gcc -o TP_4 "src\\LinkedList.o" "src\\main.o" "testing\\src\\Employee.o" "testing\\src\\addNodeTest.o" "testing\\src\\addTest.o" "testing\\src\\clearTest.o" "testing\\src\\cloneTest.o" "testing\\src\\containsAllTest.o" "testing\\src\\containsTest.o" "testing\\src\\deleteLinkedListTest.o" "testing\\src\\getNodeTest.o" "testing\\src\\getTest.o" "testing\\src\\indexOfTest.o" "testing\\src\\isEmptyTest.o" "testing\\src\\lenTest.o" "testing\\src\\main_test.o" "testing\\src\\newTest.o" "testing\\src\\popTest.o" "testing\\src\\pushTest.o" "testing\\src\\removeTest.o" "testing\\src\\setTest.o" "testing\\src\\sortTest.o" "testing\\src\\subListTest.o" "testing\\utest.o" 
12:02:59 **** Incremental Build of configuration Debug for project TP_4 ****
Info: Internal Builder is used for build
gcc -O0 -g3 -Wall -c -fmessage-length=0 -o "src\\LinkedList.o" "..\\src\\LinkedList.c" 
gcc -o TP_4 "src\\LinkedList.o" "src\\main.o" "testing\\src\\Employee.o" "testing\\src\\addNodeTest.o" "testing\\src\\addTest.o" "testing\\src\\clearTest.o" "testing\\src\\cloneTest.o" "testing\\src\\containsAllTest.o" "testing\\src\\containsTest.o" "testing\\src\\deleteLinkedListTest.o" "testing\\src\\getNodeTest.o" "testing\\src\\getTest.o" "testing\\src\\indexOfTest.o" "testing\\src\\isEmptyTest.o" "testing\\src\\lenTest.o" "testing\\src\\main_test.o" "testing\\src\\newTest.o" "testing\\src\\popTest.o" "testing\\src\\pushTest.o" "testing\\src\\removeTest.o" "testing\\src\\setTest.o" "testing\\src\\sortTest.o" "testing\\src\\subListTest.o" "testing\\utest.o" 
12:03:06 **** Incremental Build of configuration Debug for project TP_4 ****
Info: Internal Builder is used for build
gcc -O0 -g3 -Wall -c -fmessage-length=0 -o "src\\LinkedList.o" "..\\src\\LinkedList.c" 
gcc -o TP_4 "src\\LinkedList.o" "src\\main.o" "testing\\src\\Employee.o" "testing\\src\\addNodeTest.o" "testing\\src\\addTest.o" "testing\\src\\clearTest.o" "testing\\src\\cloneTest.o" "testing\\src\\containsAllTest.o" "testing\\src\\containsTest.o" "testing\\src\\deleteLinkedListTest.o" "testing\\src\\getNodeTest.o" "testing\\src\\getTest.o" "testing\\src\\indexOfTest.o" "testing\\src\\isEmptyTest.o" "testing\\src\\lenTest.o" "testing\\src\\main_test.o" "testing\\src\\newTest.o" "testing\\src\\popTest.o" "testing\\src\\pushTest.o" "testing\\src\\removeTest.o" "testing\\src\\setTest.o" "testing\\src\\sortTest.o" "testing\\src\\subListTest.o" "testing\\utest.o" 
16:23:10 **** Incremental Build of configuration Debug for project TP_4 ****
Info: Internal Builder is used for build
gcc -O0 -g3 -Wall -c -fmessage-length=0 -o "testing\\src\\sortTest.o" "..\\testing\\src\\sortTest.c" 
gcc -O0 -g3 -Wall -c -fmessage-length=0 -o "testing\\src\\containsAllTest.o" "..\\testing\\src\\containsAllTest.c" 
gcc -O0 -g3 -Wall -c -fmessage-length=0 -o "testing\\src\\indexOfTest.o" "..\\testing\\src\\indexOfTest.c" 
gcc -O0 -g3 -Wall -c -fmessage-length=0 -o "testing\\src\\setTest.o" "..\\testing\\src\\setTest.c" 
gcc -O0 -g3 -Wall -c -fmessage-length=0 -o "testing\\src\\subListTest.o" "..\\testing\\src\\subListTest.c" 
gcc -O0 -g3 -Wall -c -fmessage-length=0 -o "testing\\src\\Employee.o" "..\\testing\\src\\Employee.c" 
gcc -O0 -g3 -Wall -c -fmessage-length=0 -o "src\\main.o" "..\\src\\main.c" 
gcc -O0 -g3 -Wall -c -fmessage-length=0 -o "testing\\src\\cloneTest.o" "..\\testing\\src\\cloneTest.c" 
gcc -O0 -g3 -Wall -c -fmessage-length=0 -o "testing\\src\\main_test.o" "..\\testing\\src\\main_test.c" 
gcc -O0 -g3 -Wall -c -fmessage-length=0 -o "testing\\src\\newTest.o" "..\\testing\\src\\newTest.c" 
gcc -O0 -g3 -Wall -c -fmessage-length=0 -o "testing\\src\\removeTest.o" "..\\testing\\src\\removeTest.c" 
gcc -O0 -g3 -Wall -c -fmessage-length=0 -o "testing\\src\\getNodeTest.o" "..\\testing\\src\\getNodeTest.c" 
gcc -O0 -g3 -Wall -c -fmessage-length=0 -o "testing\\src\\addNodeTest.o" "..\\testing\\src\\addNodeTest.c" 
In file included from ..\testing\src\addNodeTest.c:19:
..\testing\src\addNodeTest.c: In function 'addNodeTestCase03':
..\testing\src\../../testing/utest.h:61:127: warning: '
   ' directive writing 2 bytes into a region of size between 1 and 256 [-Wformat-overflow=]
   61 | #define utest_assertEqualsPointerMsg(A,B,C){ if(A!=B){ utest_print2("assert equals failed '%p' != '%p'\r\n",A,B);utest_print1("%s\r\n",C); utest_flagTestError=1; utest_lineTestError = __LINE__;  utest_fileTestError = __FILENAME__;return; } }
      |                                                                                                                               ^~~~~~~~
..\testing\src\../../testing/utest.h:27:62: note: in definition of macro 'utest_print1'
   27 | #define utest_print1(MSG,VAR1)   { sprintf(utest_printBuffer,MSG,VAR1); strcat(utest_printErrorBuffer,utest_printBuffer);}
      |                                                              ^~~
..\testing\src\addNodeTest.c:91:9: note: in expansion of macro 'utest_assertEqualsPointerMsg'
   91 |         utest_assertEqualsPointerMsg(nodoAux->pElement,pAux[i],msg);
      |         ^~~~~~~~~~~~~~~~~~~~~~~~~~~~
In file included from ..\testing\src\addNodeTest.c:19:
..\testing\src\../../testing/utest.h:61:130: note: format string is defined here
   61 | #define utest_assertEqualsPointerMsg(A,B,C){ if(A!=B){ utest_print2("assert equals failed '%p' != '%p'\r\n",A,B);utest_print1("%s\r\n",C); utest_flagTestError=1; utest_lineTestError = __LINE__;  utest_fileTestError = __FILENAME__;return; } }
      |                                                                                                                                  ^~~~
In file included from ..\testing\src\addNodeTest.c:19:
..\testing\src\../../testing/utest.h:27:36: note: 'sprintf' output between 3 and 258 bytes into a destination of size 256
   27 | #define utest_print1(MSG,VAR1)   { sprintf(utest_printBuffer,MSG,VAR1); strcat(utest_printErrorBuffer,utest_printBuffer);}
      |                                    ^~~~~~~~~~~~~~~~~~~~~~~~~~~~~~~~~~~
..\testing\src\../../testing/utest.h:61:114: note: in expansion of macro 'utest_print1'
   61 | #define utest_assertEqualsPointerMsg(A,B,C){ if(A!=B){ utest_print2("assert equals failed '%p' != '%p'\r\n",A,B);utest_print1("%s\r\n",C); utest_flagTestError=1; utest_lineTestError = __LINE__;  utest_fileTestError = __FILENAME__;return; } }
      |                                                                                                                  ^~~~~~~~~~~~
..\testing\src\addNodeTest.c:91:9: note: in expansion of macro 'utest_assertEqualsPointerMsg'
   91 |         utest_assertEqualsPointerMsg(nodoAux->pElement,pAux[i],msg);
      |         ^~~~~~~~~~~~~~~~~~~~~~~~~~~~
..\testing\src\addNodeTest.c: In function 'addNodeTestCase05':
..\testing\src\../../testing/utest.h:61:127: warning: '
   ' directive writing 2 bytes into a region of size between 1 and 256 [-Wformat-overflow=]
   61 | #define utest_assertEqualsPointerMsg(A,B,C){ if(A!=B){ utest_print2("assert equals failed '%p' != '%p'\r\n",A,B);utest_print1("%s\r\n",C); utest_flagTestError=1; utest_lineTestError = __LINE__;  utest_fileTestError = __FILENAME__;return; } }
      |                                                                                                                               ^~~~~~~~
..\testing\src\../../testing/utest.h:27:62: note: in definition of macro 'utest_print1'
   27 | #define utest_print1(MSG,VAR1)   { sprintf(utest_printBuffer,MSG,VAR1); strcat(utest_printErrorBuffer,utest_printBuffer);}
      |                                                              ^~~
..\testing\src\addNodeTest.c:132:9: note: in expansion of macro 'utest_assertEqualsPointerMsg'
  132 |         utest_assertEqualsPointerMsg(nodoAux->pElement,pAux[i],msg);
      |         ^~~~~~~~~~~~~~~~~~~~~~~~~~~~
In file included from ..\testing\src\addNodeTest.c:19:
..\testing\src\../../testing/utest.h:61:130: note: format string is defined here
   61 | #define utest_assertEqualsPointerMsg(A,B,C){ if(A!=B){ utest_print2("assert equals failed '%p' != '%p'\r\n",A,B);utest_print1("%s\r\n",C); utest_flagTestError=1; utest_lineTestError = __LINE__;  utest_fileTestError = __FILENAME__;return; } }
      |                                                                                                                                  ^~~~
In file included from ..\testing\src\addNodeTest.c:19:
..\testing\src\../../testing/utest.h:27:36: note: 'sprintf' output between 3 and 258 bytes into a destination of size 256
   27 | #define utest_print1(MSG,VAR1)   { sprintf(utest_printBuffer,MSG,VAR1); strcat(utest_printErrorBuffer,utest_printBuffer);}
      |                                    ^~~~~~~~~~~~~~~~~~~~~~~~~~~~~~~~~~~
..\testing\src\../../testing/utest.h:61:114: note: in expansion of macro 'utest_print1'
   61 | #define utest_assertEqualsPointerMsg(A,B,C){ if(A!=B){ utest_print2("assert equals failed '%p' != '%p'\r\n",A,B);utest_print1("%s\r\n",C); utest_flagTestError=1; utest_lineTestError = __LINE__;  utest_fileTestError = __FILENAME__;return; } }
      |                                                                                                                  ^~~~~~~~~~~~
..\testing\src\addNodeTest.c:132:9: note: in expansion of macro 'utest_assertEqualsPointerMsg'
  132 |         utest_assertEqualsPointerMsg(nodoAux->pElement,pAux[i],msg);
      |         ^~~~~~~~~~~~~~~~~~~~~~~~~~~~
gcc -O0 -g3 -Wall -c -fmessage-length=0 -o "testing\\src\\lenTest.o" "..\\testing\\src\\lenTest.c" 
gcc -O0 -g3 -Wall -c -fmessage-length=0 -o "testing\\utest.o" "..\\testing\\utest.c" 
gcc -O0 -g3 -Wall -c -fmessage-length=0 -o "testing\\src\\pushTest.o" "..\\testing\\src\\pushTest.c" 
In file included from ..\testing\src\pushTest.c:19:
..\testing\src\pushTest.c: In function 'pushTestCase03':
..\testing\src\../../testing/utest.h:61:127: warning: '
   ' directive writing 2 bytes into a region of size between 1 and 256 [-Wformat-overflow=]
   61 | #define utest_assertEqualsPointerMsg(A,B,C){ if(A!=B){ utest_print2("assert equals failed '%p' != '%p'\r\n",A,B);utest_print1("%s\r\n",C); utest_flagTestError=1; utest_lineTestError = __LINE__;  utest_fileTestError = __FILENAME__;return; } }
      |                                                                                                                               ^~~~~~~~
..\testing\src\../../testing/utest.h:27:62: note: in definition of macro 'utest_print1'
   27 | #define utest_print1(MSG,VAR1)   { sprintf(utest_printBuffer,MSG,VAR1); strcat(utest_printErrorBuffer,utest_printBuffer);}
      |                                                              ^~~
..\testing\src\pushTest.c:91:9: note: in expansion of macro 'utest_assertEqualsPointerMsg'
   91 |         utest_assertEqualsPointerMsg(pElement,pAux[i],msg);
      |         ^~~~~~~~~~~~~~~~~~~~~~~~~~~~
In file included from ..\testing\src\pushTest.c:19:
..\testing\src\../../testing/utest.h:61:130: note: format string is defined here
   61 | #define utest_assertEqualsPointerMsg(A,B,C){ if(A!=B){ utest_print2("assert equals failed '%p' != '%p'\r\n",A,B);utest_print1("%s\r\n",C); utest_flagTestError=1; utest_lineTestError = __LINE__;  utest_fileTestError = __FILENAME__;return; } }
      |                                                                                                                                  ^~~~
In file included from ..\testing\src\pushTest.c:19:
..\testing\src\../../testing/utest.h:27:36: note: 'sprintf' output between 3 and 258 bytes into a destination of size 256
   27 | #define utest_print1(MSG,VAR1)   { sprintf(utest_printBuffer,MSG,VAR1); strcat(utest_printErrorBuffer,utest_printBuffer);}
      |                                    ^~~~~~~~~~~~~~~~~~~~~~~~~~~~~~~~~~~
..\testing\src\../../testing/utest.h:61:114: note: in expansion of macro 'utest_print1'
   61 | #define utest_assertEqualsPointerMsg(A,B,C){ if(A!=B){ utest_print2("assert equals failed '%p' != '%p'\r\n",A,B);utest_print1("%s\r\n",C); utest_flagTestError=1; utest_lineTestError = __LINE__;  utest_fileTestError = __FILENAME__;return; } }
      |                                                                                                                  ^~~~~~~~~~~~
..\testing\src\pushTest.c:91:9: note: in expansion of macro 'utest_assertEqualsPointerMsg'
   91 |         utest_assertEqualsPointerMsg(pElement,pAux[i],msg);
      |         ^~~~~~~~~~~~~~~~~~~~~~~~~~~~
gcc -O0 -g3 -Wall -c -fmessage-length=0 -o "testing\\src\\isEmptyTest.o" "..\\testing\\src\\isEmptyTest.c" 
gcc -O0 -g3 -Wall -c -fmessage-length=0 -o "testing\\src\\getTest.o" "..\\testing\\src\\getTest.c" 
gcc -O0 -g3 -Wall -c -fmessage-length=0 -o "testing\\src\\deleteLinkedListTest.o" "..\\testing\\src\\deleteLinkedListTest.c" 
gcc -O0 -g3 -Wall -c -fmessage-length=0 -o "testing\\src\\clearTest.o" "..\\testing\\src\\clearTest.c" 
gcc -O0 -g3 -Wall -c -fmessage-length=0 -o "testing\\src\\addTest.o" "..\\testing\\src\\addTest.c" 
In file included from ..\testing\src\addTest.c:37:
..\testing\src\addTest.c: In function 'addTestCase03':
..\testing\src\../../testing/utest.h:61:127: warning: '
   ' directive writing 2 bytes into a region of size between 1 and 256 [-Wformat-overflow=]
   61 | #define utest_assertEqualsPointerMsg(A,B,C){ if(A!=B){ utest_print2("assert equals failed '%p' != '%p'\r\n",A,B);utest_print1("%s\r\n",C); utest_flagTestError=1; utest_lineTestError = __LINE__;  utest_fileTestError = __FILENAME__;return; } }
      |                                                                                                                               ^~~~~~~~
..\testing\src\../../testing/utest.h:27:62: note: in definition of macro 'utest_print1'
   27 | #define utest_print1(MSG,VAR1)   { sprintf(utest_printBuffer,MSG,VAR1); strcat(utest_printErrorBuffer,utest_printBuffer);}
      |                                                              ^~~
..\testing\src\addTest.c:108:9: note: in expansion of macro 'utest_assertEqualsPointerMsg'
  108 |         utest_assertEqualsPointerMsg(nodoAux->pElement,pAux[i],msg);
      |         ^~~~~~~~~~~~~~~~~~~~~~~~~~~~
In file included from ..\testing\src\addTest.c:37:
..\testing\src\../../testing/utest.h:61:130: note: format string is defined here
   61 | #define utest_assertEqualsPointerMsg(A,B,C){ if(A!=B){ utest_print2("assert equals failed '%p' != '%p'\r\n",A,B);utest_print1("%s\r\n",C); utest_flagTestError=1; utest_lineTestError = __LINE__;  utest_fileTestError = __FILENAME__;return; } }
      |                                                                                                                                  ^~~~
In file included from ..\testing\src\addTest.c:37:
..\testing\src\../../testing/utest.h:27:36: note: 'sprintf' output between 3 and 258 bytes into a destination of size 256
   27 | #define utest_print1(MSG,VAR1)   { sprintf(utest_printBuffer,MSG,VAR1); strcat(utest_printErrorBuffer,utest_printBuffer);}
      |                                    ^~~~~~~~~~~~~~~~~~~~~~~~~~~~~~~~~~~
..\testing\src\../../testing/utest.h:61:114: note: in expansion of macro 'utest_print1'
   61 | #define utest_assertEqualsPointerMsg(A,B,C){ if(A!=B){ utest_print2("assert equals failed '%p' != '%p'\r\n",A,B);utest_print1("%s\r\n",C); utest_flagTestError=1; utest_lineTestError = __LINE__;  utest_fileTestError = __FILENAME__;return; } }
      |                                                                                                                  ^~~~~~~~~~~~
..\testing\src\addTest.c:108:9: note: in expansion of macro 'utest_assertEqualsPointerMsg'
  108 |         utest_assertEqualsPointerMsg(nodoAux->pElement,pAux[i],msg);
      |         ^~~~~~~~~~~~~~~~~~~~~~~~~~~~
gcc -O0 -g3 -Wall -c -fmessage-length=0 -o "testing\\src\\containsTest.o" "..\\testing\\src\\containsTest.c" 
gcc -O0 -g3 -Wall -c -fmessage-length=0 -o "testing\\src\\popTest.o" "..\\testing\\src\\popTest.c" 
gcc -O0 -g3 -Wall -c -fmessage-length=0 -o "src\\LinkedList.o" "..\\src\\LinkedList.c" 
gcc -o TP_4 "src\\LinkedList.o" "src\\main.o" "testing\\src\\Employee.o" "testing\\src\\addNodeTest.o" "testing\\src\\addTest.o" "testing\\src\\clearTest.o" "testing\\src\\cloneTest.o" "testing\\src\\containsAllTest.o" "testing\\src\\containsTest.o" "testing\\src\\deleteLinkedListTest.o" "testing\\src\\getNodeTest.o" "testing\\src\\getTest.o" "testing\\src\\indexOfTest.o" "testing\\src\\isEmptyTest.o" "testing\\src\\lenTest.o" "testing\\src\\main_test.o" "testing\\src\\newTest.o" "testing\\src\\popTest.o" "testing\\src\\pushTest.o" "testing\\src\\removeTest.o" "testing\\src\\setTest.o" "testing\\src\\sortTest.o" "testing\\src\\subListTest.o" "testing\\utest.o" 
